[SERVER][diag 2025-09-14T15:37:44.340Z] exit code=0 uptimeMs=14695
[SERVER][diag 2025-09-14T15:38:10.226Z] exit code=0 uptimeMs=12247
[SERVER][diag 2025-09-14T15:48:34.803Z] liveness uptimeSec=5.0
[SERVER][diag 2025-09-14T15:48:39.818Z] liveness uptimeSec=10.0
[SERVER][diag 2025-09-14T15:48:44.822Z] liveness uptimeSec=15.0
[SERVER][diag 2025-09-14T15:48:49.824Z] liveness uptimeSec=20.0
[SERVER][diag 2025-09-14T15:48:54.834Z] liveness uptimeSec=25.0
[SERVER][diag 2025-09-14T15:48:59.843Z] liveness uptimeSec=30.1
[SERVER][diag 2025-09-14T15:49:04.857Z] liveness uptimeSec=35.1
[SERVER][diag 2025-09-14T15:49:09.864Z] liveness uptimeSec=40.1
[SERVER][diag 2025-09-14T15:49:14.867Z] liveness uptimeSec=45.1
[SERVER][diag 2025-09-14T15:49:19.870Z] liveness uptimeSec=50.1
[SERVER][diag 2025-09-14T15:49:24.886Z] liveness uptimeSec=55.1
[SERVER][diag 2025-09-14T15:49:29.886Z] liveness uptimeSec=60.1
[SERVER][diag 2025-09-14T15:49:34.888Z] liveness uptimeSec=65.1
[SERVER][diag 2025-09-14T15:49:39.888Z] liveness uptimeSec=70.1
[SERVER][diag 2025-09-14T15:49:44.903Z] liveness uptimeSec=75.1
[SERVER][diag 2025-09-14T15:49:49.909Z] liveness uptimeSec=80.1
[SERVER][diag 2025-09-14T15:49:54.921Z] liveness uptimeSec=85.1
[SERVER][diag 2025-09-14T15:49:59.937Z] liveness uptimeSec=90.1
[SERVER][diag 2025-09-14T15:50:04.952Z] liveness uptimeSec=95.2
[SERVER][diag 2025-09-14T15:50:09.954Z] liveness uptimeSec=100.2
[SERVER][diag 2025-09-14T15:50:14.967Z] liveness uptimeSec=105.2
[SERVER][diag 2025-09-14T15:50:19.978Z] liveness uptimeSec=110.2
[SERVER][diag 2025-09-14T15:50:24.992Z] liveness uptimeSec=115.2
[SERVER][diag 2025-09-14T15:50:30.003Z] liveness uptimeSec=120.2
[SERVER][diag 2025-09-14T15:50:35.005Z] liveness uptimeSec=125.2
[SERVER][diag 2025-09-14T15:50:40.017Z] liveness uptimeSec=130.2
[SERVER][diag 2025-09-14T15:50:45.019Z] liveness uptimeSec=135.2
[SERVER][diag 2025-09-14T15:50:50.022Z] liveness uptimeSec=140.2
[SERVER][diag 2025-09-14T15:50:55.028Z] liveness uptimeSec=145.2
[SERVER][diag 2025-09-14T15:51:00.027Z] liveness uptimeSec=150.2
[SERVER][diag 2025-09-14T15:51:05.042Z] liveness uptimeSec=155.3
[SERVER][diag 2025-09-14T15:51:10.056Z] liveness uptimeSec=160.3
[SERVER][diag 2025-09-14T15:51:15.056Z] liveness uptimeSec=165.3
[SERVER][diag 2025-09-14T15:51:20.069Z] liveness uptimeSec=170.3
[SERVER][diag 2025-09-14T15:51:25.075Z] liveness uptimeSec=175.3
[SERVER][diag 2025-09-14T15:51:30.078Z] liveness uptimeSec=180.3
[SERVER][diag 2025-09-14T15:51:35.086Z] liveness uptimeSec=185.3
[SERVER][diag 2025-09-14T15:51:40.094Z] liveness uptimeSec=190.3
[SERVER][diag 2025-09-14T15:51:45.103Z] liveness uptimeSec=195.3
[SERVER][diag 2025-09-14T15:51:50.116Z] liveness uptimeSec=200.3
[SERVER][diag 2025-09-14T15:51:55.124Z] liveness uptimeSec=205.3
[SERVER][diag 2025-09-14T15:52:00.138Z] liveness uptimeSec=210.3
[SERVER][diag 2025-09-14T15:52:05.137Z] liveness uptimeSec=215.3
[SERVER][diag 2025-09-14T15:52:10.157Z] liveness uptimeSec=220.4
[SERVER][diag 2025-09-14T15:52:15.160Z] liveness uptimeSec=225.4
[SERVER][diag 2025-09-14T15:52:18.689Z] beforeExit code=0
[SERVER][diag 2025-09-14T15:52:18.690Z] exit code=0 uptimeMs=20
[SERVER][diag 2025-09-14T15:52:20.162Z] liveness uptimeSec=230.4
[SERVER][diag 2025-09-14T15:52:25.166Z] liveness uptimeSec=235.4
[SERVER][diag 2025-09-14T15:52:29.462Z] beforeExit code=0
[SERVER][diag 2025-09-14T15:52:29.463Z] exit code=0 uptimeMs=28
[SERVER][diag 2025-09-14T15:52:30.182Z] liveness uptimeSec=240.4
[SERVER][diag 2025-09-14T15:52:35.193Z] liveness uptimeSec=245.4
[SERVER][diag 2025-09-14T15:52:37.659Z] beforeExit code=0
[SERVER][diag 2025-09-14T15:52:37.660Z] exit code=0 uptimeMs=19
[SERVER][diag 2025-09-14T15:52:40.199Z] liveness uptimeSec=250.4
[SERVER][diag 2025-09-14T15:52:45.200Z] liveness uptimeSec=255.4
[SERVER][diag 2025-09-14T15:52:50.213Z] liveness uptimeSec=260.4
[SERVER][diag 2025-09-14T15:52:55.215Z] liveness uptimeSec=265.4
[SERVER][diag 2025-09-14T15:53:00.228Z] liveness uptimeSec=270.4
[SERVER][diag 2025-09-14T15:53:05.239Z] liveness uptimeSec=275.5
[SERVER][diag 2025-09-14T15:53:10.254Z] liveness uptimeSec=280.5
[SERVER][diag 2025-09-14T15:53:15.269Z] liveness uptimeSec=285.5
[SERVER][diag 2025-09-14T15:53:20.272Z] liveness uptimeSec=290.5
[SERVER][diag 2025-09-14T15:53:25.285Z] liveness uptimeSec=295.5
[SERVER][diag 2025-09-14T15:53:30.299Z] liveness uptimeSec=300.5
[SERVER][diag 2025-09-14T15:53:35.305Z] liveness uptimeSec=305.5
[SERVER][diag 2025-09-14T15:53:40.313Z] liveness uptimeSec=310.5
[SERVER][diag 2025-09-14T15:53:45.322Z] liveness uptimeSec=315.5
[SERVER][diag 2025-09-14T15:53:50.335Z] liveness uptimeSec=320.5
[SERVER][diag 2025-09-14T15:53:55.350Z] liveness uptimeSec=325.6
[SERVER][diag 2025-09-14T15:54:00.363Z] liveness uptimeSec=330.6
[SERVER][diag 2025-09-14T15:54:05.369Z] liveness uptimeSec=335.6
[SERVER][diag 2025-09-14T15:54:10.373Z] liveness uptimeSec=340.6
[SERVER][diag 2025-09-14T15:54:15.380Z] liveness uptimeSec=345.6
[SERVER][diag 2025-09-14T15:54:20.390Z] liveness uptimeSec=350.6
[SERVER][diag 2025-09-14T15:54:25.394Z] liveness uptimeSec=355.6
[SERVER][diag 2025-09-14T15:54:30.397Z] liveness uptimeSec=360.6
[SERVER][diag 2025-09-14T15:54:35.409Z] liveness uptimeSec=365.6
[SERVER][diag 2025-09-14T15:54:40.409Z] liveness uptimeSec=370.6
[SERVER][diag 2025-09-14T15:54:45.421Z] liveness uptimeSec=375.6
[SERVER][diag 2025-09-14T15:54:50.427Z] liveness uptimeSec=380.6
[SERVER][diag 2025-09-14T15:54:55.433Z] liveness uptimeSec=385.6
[SERVER][diag 2025-09-14T15:55:00.444Z] liveness uptimeSec=390.7
[SERVER][diag 2025-09-14T15:55:05.447Z] liveness uptimeSec=395.7
[SERVER][diag 2025-09-14T15:55:10.459Z] liveness uptimeSec=400.7
[SERVER][diag 2025-09-14T15:55:15.463Z] liveness uptimeSec=405.7
[SERVER][diag 2025-09-14T15:55:20.464Z] liveness uptimeSec=410.7
[SERVER][diag 2025-09-14T15:55:25.470Z] liveness uptimeSec=415.7
[SERVER][diag 2025-09-14T15:55:30.472Z] liveness uptimeSec=420.7
[SERVER][diag 2025-09-14T15:55:35.478Z] liveness uptimeSec=425.7
[SERVER][diag 2025-09-14T15:55:40.483Z] liveness uptimeSec=430.7
[SERVER][diag 2025-09-14T15:55:45.491Z] liveness uptimeSec=435.7
[SERVER][diag 2025-09-14T15:55:50.491Z] liveness uptimeSec=440.7
[SERVER][diag 2025-09-14T15:55:55.505Z] liveness uptimeSec=445.7
[SERVER][diag 2025-09-14T15:56:00.515Z] liveness uptimeSec=450.7
[SERVER][diag 2025-09-14T15:56:05.522Z] liveness uptimeSec=455.7
[SERVER][diag 2025-09-14T15:56:10.528Z] liveness uptimeSec=460.7
[SERVER][diag 2025-09-14T15:56:15.532Z] liveness uptimeSec=465.7
[SERVER][diag 2025-09-14T15:56:20.542Z] liveness uptimeSec=470.8
[SERVER][diag 2025-09-14T15:56:25.547Z] liveness uptimeSec=475.8
[SERVER][diag 2025-09-14T15:56:30.547Z] liveness uptimeSec=480.8
[SERVER][diag 2025-09-14T15:56:35.560Z] liveness uptimeSec=485.8
[SERVER][diag 2025-09-14T15:56:40.572Z] liveness uptimeSec=490.8
[SERVER][diag 2025-09-14T15:56:45.582Z] liveness uptimeSec=495.8
[SERVER][diag 2025-09-14T15:56:50.587Z] liveness uptimeSec=500.8
[SERVER][diag 2025-09-14T15:56:55.600Z] liveness uptimeSec=505.8
[SERVER][diag 2025-09-14T15:57:00.616Z] liveness uptimeSec=510.8
[SERVER][diag 2025-09-14T15:57:05.629Z] liveness uptimeSec=515.8
[SERVER][diag 2025-09-14T15:57:10.644Z] liveness uptimeSec=520.9
[SERVER][diag 2025-09-14T15:57:15.647Z] liveness uptimeSec=525.9
[SERVER][diag 2025-09-14T15:57:20.655Z] liveness uptimeSec=530.9
[SERVER][diag 2025-09-14T15:57:25.670Z] liveness uptimeSec=535.9
[SERVER][diag 2025-09-14T15:57:30.683Z] liveness uptimeSec=540.9
[SERVER][diag 2025-09-14T15:57:35.685Z] liveness uptimeSec=545.9
[SERVER][diag 2025-09-14T15:57:40.696Z] liveness uptimeSec=550.9
[SERVER][diag 2025-09-14T15:57:45.697Z] liveness uptimeSec=555.9
[SERVER][diag 2025-09-14T15:57:50.708Z] liveness uptimeSec=560.9
[SERVER][diag 2025-09-14T15:57:55.721Z] liveness uptimeSec=565.9
[SERVER][diag 2025-09-14T15:58:00.735Z] liveness uptimeSec=570.9
[SERVER][diag 2025-09-14T15:58:05.748Z] liveness uptimeSec=576.0
[SERVER][diag 2025-09-14T15:58:10.749Z] liveness uptimeSec=581.0
[SERVER][diag 2025-09-14T15:58:15.758Z] liveness uptimeSec=586.0
[SERVER][diag 2025-09-14T15:58:20.761Z] liveness uptimeSec=591.0
[SERVER][diag 2025-09-14T15:58:25.775Z] liveness uptimeSec=596.0
[SERVER][diag 2025-09-14T15:58:30.779Z] liveness uptimeSec=601.0
[SERVER][diag 2025-09-14T15:58:35.784Z] liveness uptimeSec=606.0
[SERVER][diag 2025-09-14T15:58:40.786Z] liveness uptimeSec=611.0
[SERVER][diag 2025-09-14T15:58:45.797Z] liveness uptimeSec=616.0
[SERVER][diag 2025-09-14T15:58:50.796Z] liveness uptimeSec=621.0
[SERVER][diag 2025-09-14T15:58:55.804Z] liveness uptimeSec=626.0
[SERVER][diag 2025-09-14T15:59:00.807Z] liveness uptimeSec=631.0
[SERVER][diag 2025-09-14T15:59:05.809Z] liveness uptimeSec=636.0
[SERVER][diag 2025-09-14T15:59:10.819Z] liveness uptimeSec=641.0
[SERVER][diag 2025-09-14T15:59:15.827Z] liveness uptimeSec=646.0
[SERVER][diag 2025-09-14T15:59:20.834Z] liveness uptimeSec=651.0
[SERVER][diag 2025-09-14T15:59:25.845Z] liveness uptimeSec=656.1
[SERVER][diag 2025-09-14T15:59:30.853Z] liveness uptimeSec=661.1
[SERVER][diag 2025-09-14T15:59:35.855Z] liveness uptimeSec=666.1
[SERVER][diag 2025-09-14T15:59:40.858Z] liveness uptimeSec=671.1
[SERVER][diag 2025-09-14T15:59:45.871Z] liveness uptimeSec=676.1
[SERVER][diag 2025-09-14T15:59:50.874Z] liveness uptimeSec=681.1
[SERVER][diag 2025-09-14T15:59:55.884Z] liveness uptimeSec=686.1
[SERVER][diag 2025-09-14T16:00:00.888Z] liveness uptimeSec=691.1
[SERVER][diag 2025-09-14T16:00:05.899Z] liveness uptimeSec=696.1
[SERVER][diag 2025-09-14T16:00:10.900Z] liveness uptimeSec=701.1
[SERVER][diag 2025-09-14T16:00:15.910Z] liveness uptimeSec=706.1
[SERVER][diag 2025-09-14T16:00:20.921Z] liveness uptimeSec=711.1
[SERVER][diag 2025-09-14T16:00:25.925Z] liveness uptimeSec=716.1
[SERVER][diag 2025-09-14T16:00:30.930Z] liveness uptimeSec=721.1
[SERVER][diag 2025-09-14T16:00:35.942Z] liveness uptimeSec=726.2
[SERVER][diag 2025-09-14T16:00:40.953Z] liveness uptimeSec=731.2
[SERVER][diag 2025-09-14T16:00:45.955Z] liveness uptimeSec=736.2
[SERVER][diag 2025-09-14T16:00:50.957Z] liveness uptimeSec=741.2
[SERVER][diag 2025-09-14T16:00:55.956Z] liveness uptimeSec=746.2
[SERVER][diag 2025-09-14T16:01:00.959Z] liveness uptimeSec=751.2
[SERVER][diag 2025-09-14T16:01:05.969Z] liveness uptimeSec=756.2
[SERVER][diag 2025-09-14T16:01:10.972Z] liveness uptimeSec=761.2
[SERVER][diag 2025-09-14T16:01:15.976Z] liveness uptimeSec=766.2
[SERVER][diag 2025-09-14T16:01:20.991Z] liveness uptimeSec=771.2
[SERVER][diag 2025-09-14T16:01:26.001Z] liveness uptimeSec=776.2
[SERVER][diag 2025-09-14T16:01:31.005Z] liveness uptimeSec=781.2
[SERVER][diag 2025-09-14T16:01:36.012Z] liveness uptimeSec=786.2
[SERVER][diag 2025-09-14T16:01:41.019Z] liveness uptimeSec=791.2
[SERVER][diag 2025-09-14T16:01:46.022Z] liveness uptimeSec=796.2
[SERVER][diag 2025-09-14T16:01:51.023Z] liveness uptimeSec=801.2
[SERVER][diag 2025-09-14T16:01:56.033Z] liveness uptimeSec=806.2
[SERVER][diag 2025-09-14T16:02:01.044Z] liveness uptimeSec=811.3
[SERVER][diag 2025-09-14T16:02:06.056Z] liveness uptimeSec=816.3
[SERVER][diag 2025-09-14T16:02:11.061Z] liveness uptimeSec=821.3
[SERVER][diag 2025-09-14T16:02:16.061Z] liveness uptimeSec=826.3
[SERVER][diag 2025-09-14T16:02:21.061Z] liveness uptimeSec=831.3
[SERVER][diag 2025-09-14T16:02:26.070Z] liveness uptimeSec=836.3
[SERVER][diag 2025-09-14T16:02:31.071Z] liveness uptimeSec=841.3
[SERVER][diag 2025-09-14T16:02:36.070Z] liveness uptimeSec=846.3
[SERVER][diag 2025-09-14T16:02:41.077Z] liveness uptimeSec=851.3
[SERVER][diag 2025-09-14T16:02:46.078Z] liveness uptimeSec=856.3
[SERVER][diag 2025-09-14T16:02:51.090Z] liveness uptimeSec=861.3
[SERVER][diag 2025-09-14T16:02:56.105Z] liveness uptimeSec=866.3
[SERVER][diag 2025-09-14T16:03:01.118Z] liveness uptimeSec=871.3
[SERVER][diag 2025-09-14T16:03:06.132Z] liveness uptimeSec=876.3
[SERVER][diag 2025-09-14T16:03:11.145Z] liveness uptimeSec=881.4
[SERVER][diag 2025-09-14T16:03:16.161Z] liveness uptimeSec=886.4
[SERVER][diag 2025-09-14T16:03:21.162Z] liveness uptimeSec=891.4
[SERVER][diag 2025-09-14T16:03:26.172Z] liveness uptimeSec=896.4
[SERVER][diag 2025-09-14T16:03:31.188Z] liveness uptimeSec=901.4
[SERVER][diag 2025-09-14T16:03:36.203Z] liveness uptimeSec=906.4
[SERVER][diag 2025-09-14T16:03:41.215Z] liveness uptimeSec=911.4
[SERVER][diag 2025-09-14T16:03:46.230Z] liveness uptimeSec=916.4
[SERVER][diag 2025-09-14T16:03:51.243Z] liveness uptimeSec=921.5
[SERVER][diag 2025-09-14T16:03:56.244Z] liveness uptimeSec=926.5
[SERVER][diag 2025-09-14T16:04:01.255Z] liveness uptimeSec=931.5
[SERVER][diag 2025-09-14T16:04:06.257Z] liveness uptimeSec=936.5
[SERVER][diag 2025-09-14T16:04:11.266Z] liveness uptimeSec=941.5
[SERVER][diag 2025-09-14T16:04:16.278Z] liveness uptimeSec=946.5
[SERVER][diag 2025-09-14T16:04:21.290Z] liveness uptimeSec=951.5
[SERVER][diag 2025-09-14T16:04:26.303Z] liveness uptimeSec=956.5
[SERVER][diag 2025-09-14T16:04:31.305Z] liveness uptimeSec=961.5
[SERVER][diag 2025-09-14T16:04:36.319Z] liveness uptimeSec=966.5
[SERVER][diag 2025-09-14T16:04:41.324Z] liveness uptimeSec=971.5
[SERVER][diag 2025-09-14T16:04:46.333Z] liveness uptimeSec=976.5
[SERVER][diag 2025-09-14T16:04:51.340Z] liveness uptimeSec=981.6
[SERVER][diag 2025-09-14T16:04:56.347Z] liveness uptimeSec=986.6
[SERVER][diag 2025-09-14T16:05:01.357Z] liveness uptimeSec=991.6
[SERVER][diag 2025-09-14T16:05:06.358Z] liveness uptimeSec=996.6
[SERVER][diag 2025-09-14T16:05:11.372Z] liveness uptimeSec=1001.6
[SERVER][diag 2025-09-14T16:05:16.374Z] liveness uptimeSec=1006.6
[SERVER][diag 2025-09-14T16:05:21.382Z] liveness uptimeSec=1011.6
[SERVER][diag 2025-09-14T16:05:26.388Z] liveness uptimeSec=1016.6
[SERVER][diag 2025-09-14T16:05:31.394Z] liveness uptimeSec=1021.6
[SERVER][diag 2025-09-14T16:05:36.403Z] liveness uptimeSec=1026.6
[SERVER][diag 2025-09-14T16:05:41.408Z] liveness uptimeSec=1031.6
[SERVER][diag 2025-09-14T16:05:46.416Z] liveness uptimeSec=1036.6
[SERVER][diag 2025-09-14T16:05:51.424Z] liveness uptimeSec=1041.6
[SERVER][diag 2025-09-14T16:05:56.434Z] liveness uptimeSec=1046.6
[SERVER][diag 2025-09-14T16:06:01.436Z] liveness uptimeSec=1051.6
[SERVER][diag 2025-09-14T16:06:06.444Z] liveness uptimeSec=1056.7
[SERVER][diag 2025-09-14T16:06:11.452Z] liveness uptimeSec=1061.7
[SERVER][diag 2025-09-14T16:06:16.456Z] liveness uptimeSec=1066.7
[SERVER][diag 2025-09-14T16:06:21.468Z] liveness uptimeSec=1071.7
[SERVER][diag 2025-09-14T16:06:26.472Z] liveness uptimeSec=1076.7
[SERVER][diag 2025-09-14T16:06:31.481Z] liveness uptimeSec=1081.7
[SERVER][diag 2025-09-14T16:06:36.486Z] liveness uptimeSec=1086.7
[SERVER][diag 2025-09-14T16:06:41.486Z] liveness uptimeSec=1091.7
[SERVER][diag 2025-09-14T16:06:46.497Z] liveness uptimeSec=1096.7
[SERVER][diag 2025-09-14T16:06:51.498Z] liveness uptimeSec=1101.7
[SERVER][diag 2025-09-14T16:06:56.500Z] liveness uptimeSec=1106.7
[SERVER][diag 2025-09-14T16:07:01.504Z] liveness uptimeSec=1111.7
[SERVER][diag 2025-09-14T16:07:06.517Z] liveness uptimeSec=1116.7
[SERVER][diag 2025-09-14T16:07:11.529Z] liveness uptimeSec=1121.7
[SERVER][diag 2025-09-14T16:07:16.530Z] liveness uptimeSec=1126.7
[SERVER][diag 2025-09-14T16:07:21.534Z] liveness uptimeSec=1131.7
[SERVER][diag 2025-09-14T16:07:26.542Z] liveness uptimeSec=1136.8
[SERVER][diag 2025-09-14T16:07:31.554Z] liveness uptimeSec=1141.8
[SERVER][diag 2025-09-14T16:07:36.566Z] liveness uptimeSec=1146.8
[SERVER][diag 2025-09-14T16:07:41.567Z] liveness uptimeSec=1151.8
[SERVER][diag 2025-09-14T16:07:46.576Z] liveness uptimeSec=1156.8
[SERVER][diag 2025-09-14T16:07:51.580Z] liveness uptimeSec=1161.8
[SERVER][diag 2025-09-14T16:07:56.596Z] liveness uptimeSec=1166.8
[SERVER][diag 2025-09-14T16:08:01.597Z] liveness uptimeSec=1171.8
[SERVER][diag 2025-09-14T16:08:06.611Z] liveness uptimeSec=1176.8
[SERVER][diag 2025-09-14T16:08:11.625Z] liveness uptimeSec=1181.8
[SERVER][diag 2025-09-14T16:08:16.631Z] liveness uptimeSec=1186.8
[SERVER][diag 2025-09-14T16:08:21.637Z] liveness uptimeSec=1191.8
[SERVER][diag 2025-09-14T16:08:26.652Z] liveness uptimeSec=1196.9
[SERVER][diag 2025-09-14T16:08:31.657Z] liveness uptimeSec=1201.9
[SERVER][diag 2025-09-14T16:08:36.663Z] liveness uptimeSec=1206.9
[SERVER][diag 2025-09-14T16:08:41.678Z] liveness uptimeSec=1211.9
[SERVER][diag 2025-09-14T16:08:46.692Z] liveness uptimeSec=1216.9
[SERVER][diag 2025-09-14T16:08:51.705Z] liveness uptimeSec=1221.9
[SERVER][diag 2025-09-14T16:08:56.707Z] liveness uptimeSec=1226.9
[SERVER][diag 2025-09-14T16:09:01.718Z] liveness uptimeSec=1231.9
[SERVER][diag 2025-09-14T16:09:06.718Z] liveness uptimeSec=1236.9
[SERVER][diag 2025-09-14T16:09:11.728Z] liveness uptimeSec=1241.9
[SERVER][diag 2025-09-14T16:09:16.741Z] liveness uptimeSec=1247.0
[SERVER][diag 2025-09-14T16:09:21.756Z] liveness uptimeSec=1252.0
[SERVER][diag 2025-09-14T16:09:26.756Z] liveness uptimeSec=1257.0
[SERVER][diag 2025-09-14T16:09:31.761Z] liveness uptimeSec=1262.0
[SERVER][diag 2025-09-14T16:09:36.768Z] liveness uptimeSec=1267.0
[SERVER][diag 2025-09-14T16:09:41.771Z] liveness uptimeSec=1272.0
[SERVER][diag 2025-09-14T16:09:46.780Z] liveness uptimeSec=1277.0
[SERVER][diag 2025-09-14T16:09:51.781Z] liveness uptimeSec=1282.0
[SERVER][diag 2025-09-14T16:09:56.781Z] liveness uptimeSec=1287.0
[SERVER][diag 2025-09-14T16:10:01.791Z] liveness uptimeSec=1292.0
[SERVER][diag 2025-09-14T16:10:06.805Z] liveness uptimeSec=1297.0
[SERVER][diag 2025-09-14T16:10:11.818Z] liveness uptimeSec=1302.0
[SERVER][diag 2025-09-14T16:10:16.822Z] liveness uptimeSec=1307.0
[SERVER][diag 2025-09-14T16:10:21.824Z] liveness uptimeSec=1312.0
[SERVER][diag 2025-09-14T16:10:26.835Z] liveness uptimeSec=1317.0
[SERVER][diag 2025-09-14T16:10:31.850Z] liveness uptimeSec=1322.1
[SERVER][diag 2025-09-14T16:10:36.850Z] liveness uptimeSec=1327.1
[SERVER][diag 2025-09-14T16:10:41.857Z] liveness uptimeSec=1332.1
[SERVER][diag 2025-09-14T16:10:46.867Z] liveness uptimeSec=1337.1
[SERVER][diag 2025-09-14T16:10:51.869Z] liveness uptimeSec=1342.1
[SERVER][diag 2025-09-14T16:10:56.883Z] liveness uptimeSec=1347.1
[SERVER][diag 2025-09-14T16:11:01.883Z] liveness uptimeSec=1352.1
[SERVER][diag 2025-09-14T16:11:06.893Z] liveness uptimeSec=1357.1
[SERVER][diag 2025-09-14T16:11:11.899Z] liveness uptimeSec=1362.1
[SERVER][diag 2025-09-14T16:11:16.912Z] liveness uptimeSec=1367.1
[SERVER][diag 2025-09-14T16:11:21.915Z] liveness uptimeSec=1372.1
[SERVER][diag 2025-09-14T16:11:26.918Z] liveness uptimeSec=1377.1
[SERVER][diag 2025-09-14T16:11:31.927Z] liveness uptimeSec=1382.1
[SERVER][diag 2025-09-14T16:11:36.930Z] liveness uptimeSec=1387.1
[SERVER][diag 2025-09-14T16:11:41.937Z] liveness uptimeSec=1392.1
[SERVER][diag 2025-09-14T16:11:46.949Z] liveness uptimeSec=1397.2
[SERVER][diag 2025-09-14T16:11:51.960Z] liveness uptimeSec=1402.2
[SERVER][diag 2025-09-14T16:11:56.964Z] liveness uptimeSec=1407.2
[SERVER][diag 2025-09-14T16:12:01.972Z] liveness uptimeSec=1412.2
[SERVER][diag 2025-09-14T16:12:06.977Z] liveness uptimeSec=1417.2
[SERVER][diag 2025-09-14T16:12:11.979Z] liveness uptimeSec=1422.2
[SERVER][diag 2025-09-14T16:12:16.989Z] liveness uptimeSec=1427.2
[SERVER][diag 2025-09-14T16:12:21.997Z] liveness uptimeSec=1432.2
[SERVER][diag 2025-09-14T16:12:27.001Z] liveness uptimeSec=1437.2
[SERVER][diag 2025-09-14T16:12:32.001Z] liveness uptimeSec=1442.2
[SERVER][diag 2025-09-14T16:12:37.002Z] liveness uptimeSec=1447.2
[SERVER][diag 2025-09-14T16:12:42.013Z] liveness uptimeSec=1452.2
[SERVER][diag 2025-09-14T16:12:47.023Z] liveness uptimeSec=1457.2
[SERVER][diag 2025-09-14T16:12:52.024Z] liveness uptimeSec=1462.2
[SERVER][diag 2025-09-14T16:12:57.033Z] liveness uptimeSec=1467.2
[SERVER][diag 2025-09-14T16:13:02.037Z] liveness uptimeSec=1472.2
[SERVER][diag 2025-09-14T16:13:07.046Z] liveness uptimeSec=1477.3
[SERVER][diag 2025-09-14T16:13:12.047Z] liveness uptimeSec=1482.3
[SERVER][diag 2025-09-14T16:13:17.050Z] liveness uptimeSec=1487.3
[SERVER][diag 2025-09-14T16:13:22.063Z] liveness uptimeSec=1492.3
[SERVER][diag 2025-09-14T16:13:27.068Z] liveness uptimeSec=1497.3
[SERVER][diag 2025-09-14T16:13:32.079Z] liveness uptimeSec=1502.3
[SERVER][diag 2025-09-14T16:13:37.079Z] liveness uptimeSec=1507.3
[SERVER][diag 2025-09-14T16:13:42.090Z] liveness uptimeSec=1512.3
[SERVER][diag 2025-09-14T16:13:47.096Z] liveness uptimeSec=1517.3
[SERVER][diag 2025-09-14T16:13:52.102Z] liveness uptimeSec=1522.3
[SERVER][diag 2025-09-14T16:13:57.115Z] liveness uptimeSec=1527.3
[SERVER][diag 2025-09-14T16:14:02.115Z] liveness uptimeSec=1532.3
[SERVER][diag 2025-09-14T16:14:07.125Z] liveness uptimeSec=1537.3
[SERVER][diag 2025-09-14T16:14:12.128Z] liveness uptimeSec=1542.3
[SERVER][diag 2025-09-14T16:14:17.141Z] liveness uptimeSec=1547.4
[SERVER][diag 2025-09-14T16:14:22.157Z] liveness uptimeSec=1552.4
[SERVER][diag 2025-09-14T16:14:27.164Z] liveness uptimeSec=1557.4
[SERVER][diag 2025-09-14T16:14:32.171Z] liveness uptimeSec=1562.4
[SERVER][diag 2025-09-14T16:14:37.181Z] liveness uptimeSec=1567.4
[SERVER][diag 2025-09-14T16:14:42.195Z] liveness uptimeSec=1572.4
[SERVER][diag 2025-09-14T16:14:47.206Z] liveness uptimeSec=1577.4
[SERVER][diag 2025-09-14T16:14:52.206Z] liveness uptimeSec=1582.4
[SERVER][diag 2025-09-14T16:14:57.223Z] liveness uptimeSec=1587.4
[SERVER][diag 2025-09-14T16:15:02.238Z] liveness uptimeSec=1592.5
[SERVER][diag 2025-09-14T16:15:07.256Z] liveness uptimeSec=1597.5
[SERVER][diag 2025-09-14T16:15:12.262Z] liveness uptimeSec=1602.5
[SERVER][diag 2025-09-14T16:15:17.266Z] liveness uptimeSec=1607.5
[SERVER][diag 2025-09-14T16:15:22.276Z] liveness uptimeSec=1612.5
[SERVER][diag 2025-09-14T16:15:27.279Z] liveness uptimeSec=1617.5
[SERVER][diag 2025-09-14T16:15:32.289Z] liveness uptimeSec=1622.5
[SERVER][diag 2025-09-14T16:15:37.292Z] liveness uptimeSec=1627.5
[SERVER][diag 2025-09-14T16:15:42.300Z] liveness uptimeSec=1632.5
[SERVER][diag 2025-09-14T16:15:47.313Z] liveness uptimeSec=1637.5
[SERVER][diag 2025-09-14T16:15:52.318Z] liveness uptimeSec=1642.5
[SERVER][diag 2025-09-14T16:15:57.326Z] liveness uptimeSec=1647.5
[SERVER][diag 2025-09-14T16:16:02.332Z] liveness uptimeSec=1652.5
[SERVER][diag 2025-09-14T16:16:07.338Z] liveness uptimeSec=1657.5
[SERVER][diag 2025-09-14T16:16:12.340Z] liveness uptimeSec=1662.6
[SERVER][diag 2025-09-14T16:16:17.341Z] liveness uptimeSec=1667.6
[SERVER][diag 2025-09-14T16:16:22.341Z] liveness uptimeSec=1672.6
[SERVER][diag 2025-09-14T16:16:27.344Z] liveness uptimeSec=1677.6
[SERVER][diag 2025-09-14T16:16:32.353Z] liveness uptimeSec=1682.6
[SERVER][diag 2025-09-14T16:16:37.364Z] liveness uptimeSec=1687.6
[SERVER][diag 2025-09-14T16:16:42.371Z] liveness uptimeSec=1692.6
[SERVER][diag 2025-09-14T16:16:47.380Z] liveness uptimeSec=1697.6
[SERVER][diag 2025-09-14T16:16:52.383Z] liveness uptimeSec=1702.6
[SERVER][diag 2025-09-14T16:16:57.393Z] liveness uptimeSec=1707.6
[SERVER][diag 2025-09-14T16:17:02.397Z] liveness uptimeSec=1712.6
[SERVER][diag 2025-09-14T16:17:07.407Z] liveness uptimeSec=1717.6
[SERVER][diag 2025-09-14T16:17:12.413Z] liveness uptimeSec=1722.6
[SERVER][diag 2025-09-14T16:17:17.421Z] liveness uptimeSec=1727.6
[SERVER][diag 2025-09-14T16:17:22.428Z] liveness uptimeSec=1732.6
[SERVER][diag 2025-09-14T16:17:27.436Z] liveness uptimeSec=1737.6
[SERVER][diag 2025-09-14T16:17:32.446Z] liveness uptimeSec=1742.7
[SERVER][diag 2025-09-14T16:17:37.456Z] liveness uptimeSec=1747.7
[SERVER][diag 2025-09-14T16:17:42.457Z] liveness uptimeSec=1752.7
[SERVER][diag 2025-09-14T16:17:47.463Z] liveness uptimeSec=1757.7
[SERVER][diag 2025-09-14T16:17:52.462Z] liveness uptimeSec=1762.7
[SERVER][diag 2025-09-14T16:17:57.476Z] liveness uptimeSec=1767.7
[SERVER][diag 2025-09-14T16:18:02.476Z] liveness uptimeSec=1772.7
[SERVER][diag 2025-09-14T16:18:07.477Z] liveness uptimeSec=1777.7
[SERVER][diag 2025-09-14T16:18:12.479Z] liveness uptimeSec=1782.7
[SERVER][diag 2025-09-14T16:18:17.492Z] liveness uptimeSec=1787.7
[SERVER][diag 2025-09-14T16:18:22.498Z] liveness uptimeSec=1792.7
[SERVER][diag 2025-09-14T16:18:27.504Z] liveness uptimeSec=1797.7
[SERVER][diag 2025-09-14T16:18:32.506Z] liveness uptimeSec=1802.7
[SERVER][diag 2025-09-14T16:18:37.516Z] liveness uptimeSec=1807.7
[SERVER][diag 2025-09-14T16:18:42.529Z] liveness uptimeSec=1812.7
[SERVER][diag 2025-09-14T16:18:47.542Z] liveness uptimeSec=1817.8
[SERVER][diag 2025-09-14T16:18:52.542Z] liveness uptimeSec=1822.8
[SERVER][diag 2025-09-14T16:18:57.550Z] liveness uptimeSec=1827.8
[SERVER][diag 2025-09-14T16:19:02.559Z] liveness uptimeSec=1832.8
[SERVER][diag 2025-09-14T16:19:07.574Z] liveness uptimeSec=1837.8
[SERVER][diag 2025-09-14T16:19:12.588Z] liveness uptimeSec=1842.8
[SERVER][diag 2025-09-14T16:19:17.600Z] liveness uptimeSec=1847.8
[SERVER][diag 2025-09-14T16:19:22.601Z] liveness uptimeSec=1852.8
[SERVER][diag 2025-09-14T16:19:27.611Z] liveness uptimeSec=1857.8
[SERVER][diag 2025-09-14T16:19:32.623Z] liveness uptimeSec=1862.8
[SERVER][diag 2025-09-14T16:19:37.639Z] liveness uptimeSec=1867.9
[SERVER][diag 2025-09-14T16:19:42.654Z] liveness uptimeSec=1872.9
[SERVER][diag 2025-09-14T16:19:47.669Z] liveness uptimeSec=1877.9
[SERVER][diag 2025-09-14T16:19:52.683Z] liveness uptimeSec=1882.9
[SERVER][diag 2025-09-14T16:19:57.688Z] liveness uptimeSec=1887.9
[SERVER][diag 2025-09-14T16:20:02.689Z] liveness uptimeSec=1892.9
[SERVER][diag 2025-09-14T16:20:07.697Z] liveness uptimeSec=1897.9
[SERVER][diag 2025-09-14T16:20:12.706Z] liveness uptimeSec=1902.9
[SERVER][diag 2025-09-14T16:20:17.713Z] liveness uptimeSec=1907.9
[SERVER][diag 2025-09-14T16:20:22.719Z] liveness uptimeSec=1912.9
[SERVER][diag 2025-09-14T16:20:27.720Z] liveness uptimeSec=1917.9
[SERVER][diag 2025-09-14T16:20:32.732Z] liveness uptimeSec=1922.9
[SERVER][diag 2025-09-14T16:20:37.742Z] liveness uptimeSec=1928.0
[SERVER][diag 2025-09-14T16:20:42.747Z] liveness uptimeSec=1933.0
[SERVER][diag 2025-09-14T16:20:47.759Z] liveness uptimeSec=1938.0
[SERVER][diag 2025-09-14T16:20:52.761Z] liveness uptimeSec=1943.0
[SERVER][diag 2025-09-14T16:20:57.763Z] liveness uptimeSec=1948.0
[SERVER][diag 2025-09-14T16:21:02.777Z] liveness uptimeSec=1953.0
[SERVER][diag 2025-09-14T16:21:07.791Z] liveness uptimeSec=1958.0
[SERVER][diag 2025-09-14T16:21:12.790Z] liveness uptimeSec=1963.0
[SERVER][diag 2025-09-14T16:21:17.790Z] liveness uptimeSec=1968.0
[SERVER][diag 2025-09-14T16:21:22.794Z] liveness uptimeSec=1973.0
[SERVER][diag 2025-09-14T16:21:27.796Z] liveness uptimeSec=1978.0
[SERVER][diag 2025-09-14T16:21:32.806Z] liveness uptimeSec=1983.0
[SERVER][diag 2025-09-14T16:21:33.522Z] signal SIGHUP received
[SERVER][diag 2025-09-14T16:21:33.523Z] shutdown-begin trigger=SIGHUP sigintCount=0
[SERVER][diag 2025-09-14T16:21:33.524Z] active-handles count=3 requests=0
[SERVER][diag 2025-09-14T16:21:33.525Z] handle[0] WriteStream
[SERVER][diag 2025-09-14T16:21:33.525Z] handle[1] WriteStream
[SERVER][diag 2025-09-14T16:21:33.525Z] handle[2] Server
[SERVER][diag 2025-09-14T16:21:33.527Z] shutdown-complete
[SERVER][diag 2025-09-14T16:21:33.527Z] exit code=0 uptimeMs=1983739
[SERVER][diag 2025-09-14T16:42:58.640Z] liveness uptimeSec=5.0
[SERVER][diag 2025-09-14T16:43:03.641Z] liveness uptimeSec=10.0
[SERVER][diag 2025-09-14T16:43:08.652Z] liveness uptimeSec=15.0
[SERVER][diag 2025-09-14T16:43:13.660Z] liveness uptimeSec=20.0
[SERVER][diag 2025-09-14T16:43:18.669Z] liveness uptimeSec=25.0
[SERVER][diag 2025-09-14T16:43:23.672Z] liveness uptimeSec=30.0
[SERVER][diag 2025-09-14T16:43:28.680Z] liveness uptimeSec=35.1
[SERVER][diag 2025-09-14T16:43:33.689Z] liveness uptimeSec=40.1
[SERVER][diag 2025-09-14T16:43:38.706Z] liveness uptimeSec=45.1
[SERVER][diag 2025-09-14T16:43:43.719Z] liveness uptimeSec=50.1
[SERVER][diag 2025-09-14T16:43:48.726Z] liveness uptimeSec=55.1
[SERVER][diag 2025-09-14T16:43:53.735Z] liveness uptimeSec=60.1
[SERVER][diag 2025-09-14T16:43:58.749Z] liveness uptimeSec=65.1
[SERVER][diag 2025-09-14T16:44:03.758Z] liveness uptimeSec=70.1
[SERVER][diag 2025-09-14T16:44:08.767Z] liveness uptimeSec=75.1
[SERVER][diag 2025-09-14T16:44:13.768Z] liveness uptimeSec=80.1
[SERVER][diag 2025-09-14T16:44:18.783Z] liveness uptimeSec=85.2
[SERVER][diag 2025-09-14T16:44:23.787Z] liveness uptimeSec=90.2
[SERVER][diag 2025-09-14T16:44:28.799Z] liveness uptimeSec=95.2
[SERVER][diag 2025-09-14T16:44:33.800Z] liveness uptimeSec=100.2
[SERVER][diag 2025-09-14T16:44:38.815Z] liveness uptimeSec=105.2
[SERVER][diag 2025-09-14T16:44:43.819Z] liveness uptimeSec=110.2
[SERVER][diag 2025-09-14T16:44:48.822Z] liveness uptimeSec=115.2
[SERVER][diag 2025-09-14T16:44:53.826Z] liveness uptimeSec=120.2
[SERVER][diag 2025-09-14T16:44:58.837Z] liveness uptimeSec=125.2
[SERVER][diag 2025-09-14T16:45:03.838Z] liveness uptimeSec=130.2
[SERVER][diag 2025-09-14T16:45:08.852Z] liveness uptimeSec=135.2
[SERVER][diag 2025-09-14T16:45:13.865Z] liveness uptimeSec=140.2
[SERVER][diag 2025-09-14T16:45:18.865Z] liveness uptimeSec=145.2
[SERVER][diag 2025-09-14T16:45:23.878Z] liveness uptimeSec=150.3
[SERVER][diag 2025-09-14T16:45:28.880Z] liveness uptimeSec=155.3
[SERVER][diag 2025-09-14T16:45:33.892Z] liveness uptimeSec=160.3
[SERVER][diag 2025-09-14T16:45:38.893Z] liveness uptimeSec=165.3
[SERVER][diag 2025-09-14T16:45:43.908Z] liveness uptimeSec=170.3
[SERVER][diag 2025-09-14T16:45:48.920Z] liveness uptimeSec=175.3
[SERVER][diag 2025-09-14T16:45:53.933Z] liveness uptimeSec=180.3
[SERVER][diag 2025-09-14T16:45:58.934Z] liveness uptimeSec=185.3
[SERVER][diag 2025-09-14T16:46:03.935Z] liveness uptimeSec=190.3
[SERVER][diag 2025-09-14T16:46:08.943Z] liveness uptimeSec=195.3
[SERVER][diag 2025-09-14T16:46:13.959Z] liveness uptimeSec=200.3
[SERVER][diag 2025-09-14T16:46:18.959Z] liveness uptimeSec=205.3
[SERVER][diag 2025-09-14T16:46:23.970Z] liveness uptimeSec=210.3
[SERVER][diag 2025-09-14T16:46:28.982Z] liveness uptimeSec=215.4
[SERVER][diag 2025-09-14T16:46:33.985Z] liveness uptimeSec=220.4
[SERVER][diag 2025-09-14T16:46:38.994Z] liveness uptimeSec=225.4
[SERVER][diag 2025-09-14T16:46:43.994Z] liveness uptimeSec=230.4
[SERVER][diag 2025-09-14T16:46:49.010Z] liveness uptimeSec=235.4
[SERVER][diag 2025-09-14T16:46:54.025Z] liveness uptimeSec=240.4
[SERVER][diag 2025-09-14T16:46:59.034Z] liveness uptimeSec=245.4
[SERVER][diag 2025-09-14T16:47:04.039Z] liveness uptimeSec=250.4
[SERVER][diag 2025-09-14T16:47:09.053Z] liveness uptimeSec=255.4
[SERVER][diag 2025-09-14T16:47:14.064Z] liveness uptimeSec=260.4
[SERVER][diag 2025-09-14T16:47:19.077Z] liveness uptimeSec=265.5
[SERVER][diag 2025-09-14T16:47:24.091Z] liveness uptimeSec=270.5
[SERVER][diag 2025-09-14T16:47:29.104Z] liveness uptimeSec=275.5
[SERVER][diag 2025-09-14T16:47:34.108Z] liveness uptimeSec=280.5
[SERVER][diag 2025-09-14T16:47:39.119Z] liveness uptimeSec=285.5
[SERVER][diag 2025-09-14T16:47:44.135Z] liveness uptimeSec=290.5
[SERVER][diag 2025-09-14T16:47:49.149Z] liveness uptimeSec=295.5
[SERVER][diag 2025-09-14T16:47:54.156Z] liveness uptimeSec=300.5
[SERVER][diag 2025-09-14T16:47:59.167Z] liveness uptimeSec=305.5
[SERVER][diag 2025-09-14T16:48:04.172Z] liveness uptimeSec=310.5
[SERVER][diag 2025-09-14T16:48:09.173Z] liveness uptimeSec=315.6
[SERVER][diag 2025-09-14T16:48:14.185Z] liveness uptimeSec=320.6
[SERVER][diag 2025-09-14T16:48:19.186Z] liveness uptimeSec=325.6
[SERVER][diag 2025-09-14T16:48:24.200Z] liveness uptimeSec=330.6
[SERVER][diag 2025-09-14T16:48:29.204Z] liveness uptimeSec=335.6
[SERVER][diag 2025-09-14T16:48:34.204Z] liveness uptimeSec=340.6
[SERVER][diag 2025-09-14T16:48:39.218Z] liveness uptimeSec=345.6
[SERVER][diag 2025-09-14T16:48:44.230Z] liveness uptimeSec=350.6
[SERVER][diag 2025-09-14T16:48:49.244Z] liveness uptimeSec=355.6
[SERVER][diag 2025-09-14T16:48:54.246Z] liveness uptimeSec=360.6
[SERVER][diag 2025-09-14T16:48:59.247Z] liveness uptimeSec=365.6
[SERVER][diag 2025-09-14T16:49:04.270Z] liveness uptimeSec=370.6
[SERVER][diag 2025-09-14T16:49:09.278Z] liveness uptimeSec=375.7
[SERVER][diag 2025-09-14T16:49:14.286Z] liveness uptimeSec=380.7
[SERVER][diag 2025-09-14T16:49:19.295Z] liveness uptimeSec=385.7
[SERVER][diag 2025-09-14T16:49:24.298Z] liveness uptimeSec=390.7
[SERVER][diag 2025-09-14T16:49:29.311Z] liveness uptimeSec=395.7
[SERVER][diag 2025-09-14T16:49:34.324Z] liveness uptimeSec=400.7
[SERVER][diag 2025-09-14T16:49:39.325Z] liveness uptimeSec=405.7
[SERVER][diag 2025-09-14T16:49:44.332Z] liveness uptimeSec=410.7
[SERVER][diag 2025-09-14T16:49:49.332Z] liveness uptimeSec=415.7
[SERVER][diag 2025-09-14T16:49:54.335Z] liveness uptimeSec=420.7
[SERVER][diag 2025-09-14T16:49:59.347Z] liveness uptimeSec=425.7
[SERVER][diag 2025-09-14T16:50:04.351Z] liveness uptimeSec=430.7
[SERVER][diag 2025-09-14T16:50:09.356Z] liveness uptimeSec=435.7
[SERVER][diag 2025-09-14T16:50:14.357Z] liveness uptimeSec=440.7
[SERVER][diag 2025-09-14T16:50:19.373Z] liveness uptimeSec=445.8
[SERVER][diag 2025-09-14T16:50:24.374Z] liveness uptimeSec=450.8
[SERVER][diag 2025-09-14T16:50:29.376Z] liveness uptimeSec=455.8
[SERVER][diag 2025-09-14T16:50:34.390Z] liveness uptimeSec=460.8
[SERVER][diag 2025-09-14T16:50:39.404Z] liveness uptimeSec=465.8
[SERVER][diag 2025-09-14T16:50:44.416Z] liveness uptimeSec=470.8
[SERVER][diag 2025-09-14T16:50:49.431Z] liveness uptimeSec=475.8
[SERVER][diag 2025-09-14T16:50:54.446Z] liveness uptimeSec=480.8
[SERVER][diag 2025-09-14T16:50:59.459Z] liveness uptimeSec=485.8
[SERVER][diag 2025-09-14T16:51:04.460Z] liveness uptimeSec=490.8
[SERVER][diag 2025-09-14T16:51:09.471Z] liveness uptimeSec=495.8
[SERVER][diag 2025-09-14T16:51:14.486Z] liveness uptimeSec=500.9
[SERVER][diag 2025-09-14T16:51:19.485Z] liveness uptimeSec=505.9
[SERVER][diag 2025-09-14T16:51:24.496Z] liveness uptimeSec=510.9
[SERVER][diag 2025-09-14T16:51:29.509Z] liveness uptimeSec=515.9
[SERVER][diag 2025-09-14T16:51:34.511Z] liveness uptimeSec=520.9
[SERVER][diag 2025-09-14T16:51:39.523Z] liveness uptimeSec=525.9
[SERVER][diag 2025-09-14T16:51:44.523Z] liveness uptimeSec=530.9
[SERVER][diag 2025-09-14T16:51:49.536Z] liveness uptimeSec=535.9
[SERVER][diag 2025-09-14T16:51:54.550Z] liveness uptimeSec=540.9
[SERVER][diag 2025-09-14T16:51:59.560Z] liveness uptimeSec=545.9
[SERVER][diag 2025-09-14T16:52:04.571Z] liveness uptimeSec=550.9
[SERVER][diag 2025-09-14T16:52:09.575Z] liveness uptimeSec=556.0
[SERVER][diag 2025-09-14T16:52:14.577Z] liveness uptimeSec=561.0
[SERVER][diag 2025-09-14T16:52:19.590Z] liveness uptimeSec=566.0
[SERVER][diag 2025-09-14T16:52:24.605Z] liveness uptimeSec=571.0
[SERVER][diag 2025-09-14T16:52:29.607Z] liveness uptimeSec=576.0
[SERVER][diag 2025-09-14T16:52:34.620Z] liveness uptimeSec=581.0
[SERVER][diag 2025-09-14T16:52:39.628Z] liveness uptimeSec=586.0
[SERVER][diag 2025-09-14T16:52:44.635Z] liveness uptimeSec=591.0
[SERVER][diag 2025-09-14T16:52:49.643Z] liveness uptimeSec=596.0
[SERVER][diag 2025-09-14T16:52:54.645Z] liveness uptimeSec=601.0
[SERVER][diag 2025-09-14T16:52:59.659Z] liveness uptimeSec=606.0
[SERVER][diag 2025-09-14T16:53:04.667Z] liveness uptimeSec=611.0
[SERVER][diag 2025-09-14T16:53:09.672Z] liveness uptimeSec=616.0
[SERVER][diag 2025-09-14T16:53:14.684Z] liveness uptimeSec=621.1
[SERVER][diag 2025-09-14T16:53:19.697Z] liveness uptimeSec=626.1
[SERVER][diag 2025-09-14T16:53:24.711Z] liveness uptimeSec=631.1
[SERVER][diag 2025-09-14T16:53:29.717Z] liveness uptimeSec=636.1
[SERVER][diag 2025-09-14T16:53:34.729Z] liveness uptimeSec=641.1
[SERVER][diag 2025-09-14T16:53:39.735Z] liveness uptimeSec=646.1
[SERVER][diag 2025-09-14T16:53:44.741Z] liveness uptimeSec=651.1
[SERVER][diag 2025-09-14T16:53:49.753Z] liveness uptimeSec=656.1
[SERVER][diag 2025-09-14T16:53:54.766Z] liveness uptimeSec=661.1
[SERVER][diag 2025-09-14T16:53:59.771Z] liveness uptimeSec=666.1
[SERVER][diag 2025-09-14T16:54:04.784Z] liveness uptimeSec=671.2
[SERVER][diag 2025-09-14T16:54:09.797Z] liveness uptimeSec=676.2
[SERVER][diag 2025-09-14T16:54:14.810Z] liveness uptimeSec=681.2
[SERVER][diag 2025-09-14T16:54:19.814Z] liveness uptimeSec=686.2
[SERVER][diag 2025-09-14T16:54:24.825Z] liveness uptimeSec=691.2
[SERVER][diag 2025-09-14T16:54:29.840Z] liveness uptimeSec=696.2
[SERVER][diag 2025-09-14T16:54:34.855Z] liveness uptimeSec=701.2
[SERVER][diag 2025-09-14T16:54:39.869Z] liveness uptimeSec=706.2
[SERVER][diag 2025-09-14T16:54:44.872Z] liveness uptimeSec=711.2
[SERVER][diag 2025-09-14T16:54:49.883Z] liveness uptimeSec=716.3
[SERVER][diag 2025-09-14T16:54:54.884Z] liveness uptimeSec=721.3
[SERVER][diag 2025-09-14T16:54:59.898Z] liveness uptimeSec=726.3
[SERVER][diag 2025-09-14T16:55:04.911Z] liveness uptimeSec=731.3
[SERVER][diag 2025-09-14T16:55:09.923Z] liveness uptimeSec=736.3
[SERVER][diag 2025-09-14T16:55:14.937Z] liveness uptimeSec=741.3
[SERVER][diag 2025-09-14T16:55:19.938Z] liveness uptimeSec=746.3
[SERVER][diag 2025-09-14T16:55:24.953Z] liveness uptimeSec=751.3
[SERVER][diag 2025-09-14T16:55:29.964Z] liveness uptimeSec=756.3
[SERVER][diag 2025-09-14T16:55:34.964Z] liveness uptimeSec=761.3
[SERVER][diag 2025-09-14T16:55:39.965Z] liveness uptimeSec=766.3
[SERVER][diag 2025-09-14T16:55:44.974Z] liveness uptimeSec=771.4
[SERVER][diag 2025-09-14T16:55:49.974Z] liveness uptimeSec=776.4
[SERVER][diag 2025-09-14T16:55:54.984Z] liveness uptimeSec=781.4
[SERVER][diag 2025-09-14T16:55:59.985Z] liveness uptimeSec=786.4
[SERVER][diag 2025-09-14T16:56:04.985Z] liveness uptimeSec=791.4
[SERVER][diag 2025-09-14T16:56:09.999Z] liveness uptimeSec=796.4
[SERVER][diag 2025-09-14T16:56:15.012Z] liveness uptimeSec=801.4
[SERVER][diag 2025-09-14T16:56:20.012Z] liveness uptimeSec=806.4
[SERVER][diag 2025-09-14T16:56:25.019Z] liveness uptimeSec=811.4
[SERVER][diag 2025-09-14T16:56:30.022Z] liveness uptimeSec=816.4
[SERVER][diag 2025-09-14T16:56:35.037Z] liveness uptimeSec=821.4
[SERVER][diag 2025-09-14T16:56:40.048Z] liveness uptimeSec=826.4
[SERVER][diag 2025-09-14T16:56:45.048Z] liveness uptimeSec=831.4
[SERVER][diag 2025-09-14T16:56:50.061Z] liveness uptimeSec=836.4
[SERVER][diag 2025-09-14T16:56:55.063Z] liveness uptimeSec=841.4
[SERVER][diag 2025-09-14T16:57:00.074Z] liveness uptimeSec=846.5
[SERVER][diag 2025-09-14T16:57:05.078Z] liveness uptimeSec=851.5
[SERVER][diag 2025-09-14T16:57:10.089Z] liveness uptimeSec=856.5
[SERVER][diag 2025-09-14T16:57:15.089Z] liveness uptimeSec=861.5
[SERVER][diag 2025-09-14T16:57:20.103Z] liveness uptimeSec=866.5
[SERVER][diag 2025-09-14T16:57:25.103Z] liveness uptimeSec=871.5
[SERVER][diag 2025-09-14T16:57:30.108Z] liveness uptimeSec=876.5
[SERVER][diag 2025-09-14T16:57:35.120Z] liveness uptimeSec=881.5
[SERVER][diag 2025-09-14T16:57:40.129Z] liveness uptimeSec=886.5
[SERVER][diag 2025-09-14T16:57:45.144Z] liveness uptimeSec=891.5
[SERVER][diag 2025-09-14T16:57:50.157Z] liveness uptimeSec=896.5
[SERVER][diag 2025-09-14T16:57:55.165Z] liveness uptimeSec=901.5
[SERVER][diag 2025-09-14T16:58:00.171Z] liveness uptimeSec=906.5
[SERVER][diag 2025-09-14T16:58:05.186Z] liveness uptimeSec=911.6
[SERVER][diag 2025-09-14T16:58:10.199Z] liveness uptimeSec=916.6
[SERVER][diag 2025-09-14T16:58:15.211Z] liveness uptimeSec=921.6
[SERVER][diag 2025-09-14T16:58:20.211Z] liveness uptimeSec=926.6
[SERVER][diag 2025-09-14T16:58:25.223Z] liveness uptimeSec=931.6
[SERVER][diag 2025-09-14T16:58:30.233Z] liveness uptimeSec=936.6
[SERVER][diag 2025-09-14T16:58:35.237Z] liveness uptimeSec=941.6
[SERVER][diag 2025-09-14T16:58:40.247Z] liveness uptimeSec=946.6
[SERVER][diag 2025-09-14T16:58:45.250Z] liveness uptimeSec=951.6
[SERVER][diag 2025-09-14T16:58:50.251Z] liveness uptimeSec=956.6
[SERVER][diag 2025-09-14T16:58:55.259Z] liveness uptimeSec=961.6
[SERVER][diag 2025-09-14T16:59:00.274Z] liveness uptimeSec=966.7
[SERVER][diag 2025-09-14T16:59:05.276Z] liveness uptimeSec=971.7
[SERVER][diag 2025-09-14T16:59:10.279Z] liveness uptimeSec=976.7
[SERVER][diag 2025-09-14T16:59:15.291Z] liveness uptimeSec=981.7
[SERVER][diag 2025-09-14T16:59:20.304Z] liveness uptimeSec=986.7
[SERVER][diag 2025-09-14T16:59:25.317Z] liveness uptimeSec=991.7
[SERVER][diag 2025-09-14T16:59:30.317Z] liveness uptimeSec=996.7
[SERVER][diag 2025-09-14T16:59:35.330Z] liveness uptimeSec=1001.7
[SERVER][diag 2025-09-14T16:59:40.331Z] liveness uptimeSec=1006.7
[SERVER][diag 2025-09-14T16:59:45.345Z] liveness uptimeSec=1011.7
[SERVER][diag 2025-09-14T16:59:50.359Z] liveness uptimeSec=1016.7
[SERVER][diag 2025-09-14T16:59:55.362Z] liveness uptimeSec=1021.7
[SERVER][diag 2025-09-14T17:00:00.372Z] liveness uptimeSec=1026.7
[SERVER][diag 2025-09-14T17:00:05.373Z] liveness uptimeSec=1031.8
[SERVER][diag 2025-09-14T17:00:10.388Z] liveness uptimeSec=1036.8
[SERVER][diag 2025-09-14T17:00:15.388Z] liveness uptimeSec=1041.8
[SERVER][diag 2025-09-14T17:00:20.401Z] liveness uptimeSec=1046.8
[SERVER][diag 2025-09-14T17:00:25.414Z] liveness uptimeSec=1051.8
[SERVER][diag 2025-09-14T17:00:30.427Z] liveness uptimeSec=1056.8
[SERVER][diag 2025-09-14T17:00:35.426Z] liveness uptimeSec=1061.8
[SERVER][diag 2025-09-14T17:00:40.438Z] liveness uptimeSec=1066.8
[SERVER][diag 2025-09-14T17:00:45.453Z] liveness uptimeSec=1071.8
[SERVER][diag 2025-09-14T17:00:50.468Z] liveness uptimeSec=1076.8
[SERVER][diag 2025-09-14T17:00:55.483Z] liveness uptimeSec=1081.9
[SERVER][diag 2025-09-14T17:01:00.497Z] liveness uptimeSec=1086.9
[SERVER][diag 2025-09-14T17:01:05.511Z] liveness uptimeSec=1091.9
[SERVER][diag 2025-09-14T17:01:10.520Z] liveness uptimeSec=1096.9
[SERVER][diag 2025-09-14T17:01:15.535Z] liveness uptimeSec=1101.9
[SERVER][diag 2025-09-14T17:01:20.536Z] liveness uptimeSec=1106.9
[SERVER][diag 2025-09-14T17:01:25.549Z] liveness uptimeSec=1111.9
[SERVER][diag 2025-09-14T17:01:30.552Z] liveness uptimeSec=1116.9
[SERVER][diag 2025-09-14T17:01:35.567Z] liveness uptimeSec=1121.9
[SERVER][diag 2025-09-14T17:01:40.568Z] liveness uptimeSec=1126.9
[SERVER][diag 2025-09-14T17:01:45.575Z] liveness uptimeSec=1132.0
[SERVER][diag 2025-09-14T17:01:50.580Z] liveness uptimeSec=1137.0
[SERVER][diag 2025-09-14T17:01:55.588Z] liveness uptimeSec=1142.0
[SERVER][diag 2025-09-14T17:02:00.602Z] liveness uptimeSec=1147.0
[SERVER][diag 2025-09-14T17:02:05.603Z] liveness uptimeSec=1152.0
[SERVER][diag 2025-09-14T17:02:10.608Z] liveness uptimeSec=1157.0
[SERVER][diag 2025-09-14T17:02:15.617Z] liveness uptimeSec=1162.0
[SERVER][diag 2025-09-14T17:02:20.630Z] liveness uptimeSec=1167.0
[SERVER][diag 2025-09-14T17:02:25.638Z] liveness uptimeSec=1172.0
[SERVER][diag 2025-09-14T17:02:30.650Z] liveness uptimeSec=1177.0
[SERVER][diag 2025-09-14T17:02:35.657Z] liveness uptimeSec=1182.0
[SERVER][diag 2025-09-14T17:02:40.658Z] liveness uptimeSec=1187.0
[SERVER][diag 2025-09-14T17:02:45.671Z] liveness uptimeSec=1192.0
[SERVER][diag 2025-09-14T17:02:50.685Z] liveness uptimeSec=1197.1
[SERVER][diag 2025-09-14T17:02:55.701Z] liveness uptimeSec=1202.1
[SERVER][diag 2025-09-14T17:03:00.715Z] liveness uptimeSec=1207.1
[SERVER][diag 2025-09-14T17:03:05.730Z] liveness uptimeSec=1212.1
[SERVER][diag 2025-09-14T17:03:10.730Z] liveness uptimeSec=1217.1
[SERVER][diag 2025-09-14T17:03:15.741Z] liveness uptimeSec=1222.1
[SERVER][diag 2025-09-14T17:03:20.757Z] liveness uptimeSec=1227.1
[SERVER][diag 2025-09-14T17:03:25.772Z] liveness uptimeSec=1232.1
[SERVER][diag 2025-09-14T17:03:30.774Z] liveness uptimeSec=1237.2
[SERVER][diag 2025-09-14T17:03:35.775Z] liveness uptimeSec=1242.2
[SERVER][diag 2025-09-14T17:03:40.781Z] liveness uptimeSec=1247.2
[SERVER][diag 2025-09-14T17:03:45.795Z] liveness uptimeSec=1252.2
[SERVER][diag 2025-09-14T17:03:50.795Z] liveness uptimeSec=1257.2
[SERVER][diag 2025-09-14T17:03:55.809Z] liveness uptimeSec=1262.2
[SERVER][diag 2025-09-14T17:04:00.823Z] liveness uptimeSec=1267.2
[SERVER][diag 2025-09-14T17:04:05.837Z] liveness uptimeSec=1272.2
[SERVER][diag 2025-09-14T17:04:10.840Z] liveness uptimeSec=1277.2
[SERVER][diag 2025-09-14T17:04:15.850Z] liveness uptimeSec=1282.2
[SERVER][diag 2025-09-14T17:04:20.866Z] liveness uptimeSec=1287.2
[SERVER][diag 2025-09-14T17:04:25.868Z] liveness uptimeSec=1292.2
[SERVER][diag 2025-09-14T17:04:30.869Z] liveness uptimeSec=1297.2
[SERVER][diag 2025-09-14T17:04:35.877Z] liveness uptimeSec=1302.3
[SERVER][diag 2025-09-14T17:04:40.878Z] liveness uptimeSec=1307.3
[SERVER][diag 2025-09-14T17:04:45.891Z] liveness uptimeSec=1312.3
[SERVER][diag 2025-09-14T17:04:50.903Z] liveness uptimeSec=1317.3
[SERVER][diag 2025-09-14T17:04:55.905Z] liveness uptimeSec=1322.3
[SERVER][diag 2025-09-14T17:05:00.917Z] liveness uptimeSec=1327.3
[SERVER][diag 2025-09-14T17:05:05.916Z] liveness uptimeSec=1332.3
[SERVER][diag 2025-09-14T17:05:10.930Z] liveness uptimeSec=1337.3
[SERVER][diag 2025-09-14T17:05:15.930Z] liveness uptimeSec=1342.3
[SERVER][diag 2025-09-14T17:05:18.047Z] signal SIGINT received count=1 ignoreFirst=false
[SERVER][diag 2025-09-14T17:05:18.048Z] shutdown-begin trigger=SIGINT sigintCount=1
[SERVER][diag 2025-09-14T17:05:18.048Z] active-handles count=3 requests=0
[SERVER][diag 2025-09-14T17:05:18.048Z] handle[0] WriteStream
[SERVER][diag 2025-09-14T17:05:18.049Z] handle[1] WriteStream
[SERVER][diag 2025-09-14T17:05:18.049Z] handle[2] Server
[SERVER][diag 2025-09-14T17:05:18.050Z] shutdown-complete
[SERVER][diag 2025-09-14T17:05:18.050Z] exit code=0 uptimeMs=1344427
[SERVER][diag 2025-09-14T17:05:34.053Z] liveness uptimeSec=5.0
[SERVER][diag 2025-09-14T17:05:39.068Z] liveness uptimeSec=10.0
[SERVER][diag 2025-09-14T17:05:44.083Z] liveness uptimeSec=15.1
[SERVER][diag 2025-09-14T17:05:49.085Z] liveness uptimeSec=20.1
[SERVER][diag 2025-09-14T17:05:54.093Z] liveness uptimeSec=25.1
[SERVER][diag 2025-09-14T17:05:59.105Z] liveness uptimeSec=30.1
[SERVER][diag 2025-09-14T17:06:04.119Z] liveness uptimeSec=35.1
[SERVER][diag 2025-09-14T17:06:09.135Z] liveness uptimeSec=40.1
[SERVER][diag 2025-09-14T17:06:14.144Z] liveness uptimeSec=45.1
[SERVER][diag 2025-09-14T17:06:19.154Z] liveness uptimeSec=50.1
[SERVER][diag 2025-09-14T17:06:24.162Z] liveness uptimeSec=55.1
[SERVER][diag 2025-09-14T17:06:24.977Z] signal SIGINT received count=1 ignoreFirst=false
[SERVER][diag 2025-09-14T17:06:24.979Z] shutdown-begin trigger=SIGINT sigintCount=1
[SERVER][diag 2025-09-14T17:06:24.980Z] active-handles count=3 requests=0
[SERVER][diag 2025-09-14T17:06:24.981Z] handle[0] WriteStream
[SERVER][diag 2025-09-14T17:06:24.981Z] handle[1] WriteStream
[SERVER][diag 2025-09-14T17:06:24.982Z] handle[2] Server
[SERVER][diag 2025-09-14T17:06:24.986Z] shutdown-complete
[SERVER][diag 2025-09-14T17:06:24.988Z] exit code=0 uptimeMs=55957
[SERVER][diag 2025-09-14T17:06:41.123Z] liveness uptimeSec=5.0
[SERVER][diag 2025-09-14T17:06:46.124Z] liveness uptimeSec=10.0
[SERVER][diag 2025-09-14T17:06:51.135Z] liveness uptimeSec=15.0
[SERVER][diag 2025-09-14T17:06:56.135Z] liveness uptimeSec=20.0
[SERVER][diag 2025-09-14T17:07:01.140Z] liveness uptimeSec=25.1
[SERVER][diag 2025-09-14T17:07:06.143Z] liveness uptimeSec=30.1
[SERVER][diag 2025-09-14T17:07:11.150Z] liveness uptimeSec=35.1
[SERVER][diag 2025-09-14T17:07:16.153Z] liveness uptimeSec=40.1
[SERVER][diag 2025-09-14T17:07:21.157Z] liveness uptimeSec=45.1
[SERVER][diag 2025-09-14T17:07:26.169Z] liveness uptimeSec=50.1
[SERVER][diag 2025-09-14T17:07:31.183Z] liveness uptimeSec=55.1
[SERVER][diag 2025-09-14T17:07:36.198Z] liveness uptimeSec=60.1
[SERVER][diag 2025-09-14T17:07:41.210Z] liveness uptimeSec=65.1
[SERVER][diag 2025-09-14T17:07:46.225Z] liveness uptimeSec=70.1
[SERVER][diag 2025-09-14T17:07:51.240Z] liveness uptimeSec=75.2
[SERVER][diag 2025-09-14T17:07:56.252Z] liveness uptimeSec=80.2
[SERVER][diag 2025-09-14T17:08:01.254Z] liveness uptimeSec=85.2
[SERVER][diag 2025-09-14T17:08:06.256Z] liveness uptimeSec=90.2
[SERVER][diag 2025-09-14T17:08:11.256Z] liveness uptimeSec=95.2
[SERVER][diag 2025-09-14T17:08:16.265Z] liveness uptimeSec=100.2
[SERVER][diag 2025-09-14T17:08:21.268Z] liveness uptimeSec=105.2
[SERVER][diag 2025-09-14T17:08:26.280Z] liveness uptimeSec=110.2
[SERVER][diag 2025-09-14T17:08:31.283Z] liveness uptimeSec=115.2
[SERVER][diag 2025-09-14T17:08:36.286Z] liveness uptimeSec=120.2
[SERVER][diag 2025-09-14T17:08:41.289Z] liveness uptimeSec=125.2
[SERVER][diag 2025-09-14T17:08:46.291Z] liveness uptimeSec=130.2
[SERVER][diag 2025-09-14T17:08:51.297Z] liveness uptimeSec=135.2
[SERVER][diag 2025-09-14T17:08:56.304Z] liveness uptimeSec=140.2
[SERVER][diag 2025-09-14T17:09:01.314Z] liveness uptimeSec=145.2
[SERVER][diag 2025-09-14T17:09:06.316Z] liveness uptimeSec=150.2
[SERVER][diag 2025-09-14T17:09:11.319Z] liveness uptimeSec=155.2
[SERVER][diag 2025-09-14T17:09:16.320Z] liveness uptimeSec=160.2
[SERVER][diag 2025-09-14T17:09:21.325Z] liveness uptimeSec=165.2
[SERVER][diag 2025-09-14T17:09:26.326Z] liveness uptimeSec=170.2
[SERVER][diag 2025-09-14T17:09:31.332Z] liveness uptimeSec=175.2
[SERVER][diag 2025-09-14T17:09:36.337Z] liveness uptimeSec=180.3
[SERVER][diag 2025-09-14T17:09:41.343Z] liveness uptimeSec=185.3
[SERVER][diag 2025-09-14T17:09:46.348Z] liveness uptimeSec=190.3
[SERVER][diag 2025-09-14T17:09:51.365Z] liveness uptimeSec=195.3
[SERVER][diag 2025-09-14T17:09:56.366Z] liveness uptimeSec=200.3
[SERVER][diag 2025-09-14T17:10:01.370Z] liveness uptimeSec=205.3
[SERVER][diag 2025-09-14T17:10:06.375Z] liveness uptimeSec=210.3
[SERVER][diag 2025-09-14T17:10:11.388Z] liveness uptimeSec=215.3
[SERVER][diag 2025-09-14T17:10:16.398Z] liveness uptimeSec=220.3
[SERVER][diag 2025-09-14T17:10:21.402Z] liveness uptimeSec=225.3
[SERVER][diag 2025-09-14T17:10:26.415Z] liveness uptimeSec=230.3
[SERVER][diag 2025-09-14T17:10:31.429Z] liveness uptimeSec=235.3
[SERVER][diag 2025-09-14T17:10:36.429Z] liveness uptimeSec=240.3
[SERVER][diag 2025-09-14T17:10:41.448Z] liveness uptimeSec=245.4
[SERVER][diag 2025-09-14T17:10:46.448Z] liveness uptimeSec=250.4
[SERVER][diag 2025-09-14T17:10:51.457Z] liveness uptimeSec=255.4
[SERVER][diag 2025-09-14T17:10:56.465Z] liveness uptimeSec=260.4
[SERVER][diag 2025-09-14T17:11:01.469Z] liveness uptimeSec=265.4
[SERVER][diag 2025-09-14T17:11:06.478Z] liveness uptimeSec=270.4
[SERVER][diag 2025-09-14T17:11:11.481Z] liveness uptimeSec=275.4
[SERVER][diag 2025-09-14T17:11:16.491Z] liveness uptimeSec=280.4
[SERVER][diag 2025-09-14T17:11:21.491Z] liveness uptimeSec=285.4
[SERVER][diag 2025-09-14T17:11:26.503Z] liveness uptimeSec=290.4
[SERVER][diag 2025-09-14T17:11:31.516Z] liveness uptimeSec=295.4
[SERVER][diag 2025-09-14T17:11:36.520Z] liveness uptimeSec=300.4
[SERVER][diag 2025-09-14T17:11:41.526Z] liveness uptimeSec=305.4
[SERVER][diag 2025-09-14T17:11:46.529Z] liveness uptimeSec=310.4
[SERVER][diag 2025-09-14T17:11:51.540Z] liveness uptimeSec=315.5
[SERVER][diag 2025-09-14T17:11:56.548Z] liveness uptimeSec=320.5
[SERVER][diag 2025-09-14T17:12:01.560Z] liveness uptimeSec=325.5
[SERVER][diag 2025-09-14T17:12:06.573Z] liveness uptimeSec=330.5
[SERVER][diag 2025-09-14T17:12:11.580Z] liveness uptimeSec=335.5
[SERVER][diag 2025-09-14T17:12:16.582Z] liveness uptimeSec=340.5
[SERVER][diag 2025-09-14T17:12:21.583Z] liveness uptimeSec=345.5
[SERVER][diag 2025-09-14T17:12:26.597Z] liveness uptimeSec=350.5
[SERVER][diag 2025-09-14T17:12:31.596Z] liveness uptimeSec=355.5
[SERVER][diag 2025-09-14T17:13:02.216Z] liveness uptimeSec=5.0
[SERVER][diag 2025-09-14T17:13:07.218Z] liveness uptimeSec=10.0
[SERVER][diag 2025-09-14T17:13:09.123Z] signal SIGINT received count=1 ignoreFirst=false
[SERVER][diag 2025-09-14T17:13:09.125Z] shutdown-begin trigger=SIGINT sigintCount=1
[SERVER][diag 2025-09-14T17:13:09.126Z] active-handles count=3 requests=0
[SERVER][diag 2025-09-14T17:13:09.126Z] handle[0] WriteStream
[SERVER][diag 2025-09-14T17:13:09.127Z] handle[1] WriteStream
[SERVER][diag 2025-09-14T17:13:09.128Z] handle[2] Server
[SERVER][diag 2025-09-14T17:13:09.130Z] shutdown-complete
[SERVER][diag 2025-09-14T17:13:09.131Z] exit code=0 uptimeMs=11947
[SERVER][diag 2025-09-14T17:13:37.464Z] liveness uptimeSec=5.0
[SERVER][diag 2025-09-14T17:13:42.476Z] liveness uptimeSec=10.0
[SERVER][diag 2025-09-14T17:13:47.490Z] liveness uptimeSec=15.0
[SERVER][diag 2025-09-14T17:13:52.493Z] liveness uptimeSec=20.1
[SERVER][diag 2025-09-14T17:13:57.494Z] liveness uptimeSec=25.1
[SERVER][diag 2025-09-14T17:14:02.497Z] liveness uptimeSec=30.1
[SERVER][diag 2025-09-14T17:14:04.172Z] signal SIGINT received count=1 ignoreFirst=false
[SERVER][diag 2025-09-14T17:14:04.173Z] shutdown-begin trigger=SIGINT sigintCount=1
[SERVER][diag 2025-09-14T17:14:04.174Z] active-handles count=3 requests=0
[SERVER][diag 2025-09-14T17:14:04.175Z] handle[0] WriteStream
[SERVER][diag 2025-09-14T17:14:04.176Z] handle[1] WriteStream
[SERVER][diag 2025-09-14T17:14:04.177Z] handle[2] Server
[SERVER][diag 2025-09-14T17:14:04.179Z] shutdown-complete
[SERVER][diag 2025-09-14T17:14:04.181Z] exit code=0 uptimeMs=31739
[SERVER][diag 2025-09-14T17:14:21.442Z] liveness uptimeSec=5.0
[SERVER][diag 2025-09-14T17:14:26.450Z] liveness uptimeSec=10.0
[SERVER][diag 2025-09-14T17:14:31.462Z] liveness uptimeSec=15.0
[SERVER][diag 2025-09-14T17:14:36.477Z] liveness uptimeSec=20.1
[SERVER][diag 2025-09-14T17:14:41.484Z] liveness uptimeSec=25.1
[SERVER][diag 2025-09-14T17:14:46.487Z] liveness uptimeSec=30.1
[SERVER][diag 2025-09-14T17:14:51.498Z] liveness uptimeSec=35.1
[SERVER][diag 2025-09-14T17:14:56.513Z] liveness uptimeSec=40.1
[SERVER][diag 2025-09-14T17:15:01.524Z] liveness uptimeSec=45.1
[SERVER][diag 2025-09-14T17:15:06.504Z] beforeExit code=0
[SERVER][diag 2025-09-14T17:15:06.505Z] exit code=0 uptimeMs=30
[SERVER][diag 2025-09-14T17:15:06.524Z] liveness uptimeSec=50.1
[SERVER][diag 2025-09-14T17:15:11.526Z] liveness uptimeSec=55.1
[SERVER][diag 2025-09-14T17:15:16.535Z] liveness uptimeSec=60.1
[SERVER][diag 2025-09-14T17:15:21.538Z] liveness uptimeSec=65.1
[SERVER][diag 2025-09-14T17:15:26.547Z] liveness uptimeSec=70.1
[SERVER][diag 2025-09-14T17:15:31.550Z] liveness uptimeSec=75.1
[SERVER][diag 2025-09-14T17:15:36.553Z] liveness uptimeSec=80.1
[SERVER][diag 2025-09-14T17:15:41.555Z] liveness uptimeSec=85.1
[SERVER][diag 2025-09-14T17:15:46.565Z] liveness uptimeSec=90.2
[SERVER][diag 2025-09-14T17:15:51.579Z] liveness uptimeSec=95.2
[SERVER][diag 2025-09-14T17:15:56.592Z] liveness uptimeSec=100.2
[SERVER][diag 2025-09-14T17:16:01.600Z] liveness uptimeSec=105.2
[SERVER][diag 2025-09-14T17:16:06.610Z] liveness uptimeSec=110.2
[SERVER][diag 2025-09-14T17:16:11.611Z] liveness uptimeSec=115.2
[SERVER][diag 2025-09-14T17:16:16.620Z] liveness uptimeSec=120.2
[SERVER][diag 2025-09-14T17:16:21.628Z] liveness uptimeSec=125.2
[SERVER][diag 2025-09-14T17:16:26.632Z] liveness uptimeSec=130.2
[SERVER][diag 2025-09-14T17:16:31.645Z] liveness uptimeSec=135.2
[SERVER][diag 2025-09-14T17:16:36.651Z] liveness uptimeSec=140.2
[SERVER][diag 2025-09-14T17:16:41.651Z] liveness uptimeSec=145.2
[SERVER][diag 2025-09-14T17:16:46.658Z] liveness uptimeSec=150.2
[SERVER][diag 2025-09-14T17:16:51.661Z] liveness uptimeSec=155.2
[SERVER][diag 2025-09-14T17:16:56.664Z] liveness uptimeSec=160.2
[SERVER][diag 2025-09-14T17:17:01.672Z] liveness uptimeSec=165.3
[SERVER][diag 2025-09-14T17:17:06.685Z] liveness uptimeSec=170.3
[SERVER][diag 2025-09-14T17:17:11.698Z] liveness uptimeSec=175.3
[SERVER][diag 2025-09-14T17:17:16.706Z] liveness uptimeSec=180.3
[SERVER][diag 2025-09-14T17:17:21.716Z] liveness uptimeSec=185.3
[SERVER][diag 2025-09-14T17:17:26.725Z] liveness uptimeSec=190.3
[SERVER][diag 2025-09-14T17:17:31.727Z] liveness uptimeSec=195.3
[SERVER][diag 2025-09-14T17:17:36.727Z] liveness uptimeSec=200.3
[SERVER][diag 2025-09-14T17:17:41.732Z] liveness uptimeSec=205.3
[SERVER][diag 2025-09-14T17:17:46.743Z] liveness uptimeSec=210.3
[SERVER][diag 2025-09-14T17:17:51.753Z] liveness uptimeSec=215.3
[SERVER][diag 2025-09-14T17:17:56.768Z] liveness uptimeSec=220.4
[SERVER][diag 2025-09-14T17:18:01.771Z] liveness uptimeSec=225.4
[SERVER][diag 2025-09-14T17:18:06.773Z] liveness uptimeSec=230.4
[SERVER][diag 2025-09-14T17:18:11.820Z] liveness uptimeSec=235.4
[SERVER][diag 2025-09-14T17:18:16.820Z] liveness uptimeSec=240.4
[SERVER][diag 2025-09-14T17:18:21.820Z] liveness uptimeSec=245.4
[SERVER][diag 2025-09-14T17:18:26.834Z] liveness uptimeSec=250.4
[SERVER][diag 2025-09-14T17:18:31.851Z] liveness uptimeSec=255.4
[SERVER][diag 2025-09-14T17:18:36.863Z] liveness uptimeSec=260.4
[SERVER][diag 2025-09-14T17:18:41.875Z] liveness uptimeSec=265.5
[SERVER][diag 2025-09-14T17:18:46.891Z] liveness uptimeSec=270.5
[SERVER][diag 2025-09-14T17:18:51.904Z] liveness uptimeSec=275.5
[SERVER][diag 2025-09-14T17:18:56.915Z] liveness uptimeSec=280.5
[SERVER][diag 2025-09-14T17:19:01.926Z] liveness uptimeSec=285.5
[SERVER][diag 2025-09-14T17:19:06.928Z] liveness uptimeSec=290.5
[SERVER][diag 2025-09-14T17:19:11.932Z] liveness uptimeSec=295.5
[SERVER][diag 2025-09-14T17:19:16.943Z] liveness uptimeSec=300.5
[SERVER][diag 2025-09-14T17:19:21.957Z] liveness uptimeSec=305.5
[SERVER][diag 2025-09-14T17:19:26.962Z] liveness uptimeSec=310.5
[SERVER][diag 2025-09-14T17:19:31.965Z] liveness uptimeSec=315.6
[SERVER][diag 2025-09-14T17:19:56.124Z] liveness uptimeSec=5.0
[SERVER][diag 2025-09-14T17:20:01.129Z] liveness uptimeSec=10.0
[SERVER][diag 2025-09-14T17:20:05.915Z] signal SIGINT received count=1 ignoreFirst=false
[SERVER][diag 2025-09-14T17:20:05.917Z] shutdown-begin trigger=SIGINT sigintCount=1
[SERVER][diag 2025-09-14T17:20:05.917Z] active-handles count=3 requests=0
[SERVER][diag 2025-09-14T17:20:05.918Z] handle[0] WriteStream
[SERVER][diag 2025-09-14T17:20:05.919Z] handle[1] WriteStream
[SERVER][diag 2025-09-14T17:20:05.920Z] handle[2] Server
[SERVER][diag 2025-09-14T17:20:05.921Z] shutdown-complete
[SERVER][diag 2025-09-14T17:20:05.922Z] exit code=0 uptimeMs=14825
[SERVER][diag 2025-09-14T17:21:10.754Z] liveness uptimeSec=5.0
[SERVER][diag 2025-09-14T17:21:15.760Z] liveness uptimeSec=10.0
[SERVER][diag 2025-09-14T17:21:20.764Z] liveness uptimeSec=15.0
[SERVER][diag 2025-09-14T17:21:25.775Z] liveness uptimeSec=20.0
[SERVER][diag 2025-09-14T17:21:30.776Z] liveness uptimeSec=25.0
[SERVER][diag 2025-09-14T17:21:35.789Z] liveness uptimeSec=30.1
[SERVER][diag 2025-09-14T17:21:40.796Z] liveness uptimeSec=35.1
[SERVER][diag 2025-09-14T17:21:45.800Z] liveness uptimeSec=40.1
[SERVER][diag 2025-09-14T17:21:50.812Z] liveness uptimeSec=45.1
[SERVER][diag 2025-09-14T17:21:55.811Z] liveness uptimeSec=50.1
[SERVER][diag 2025-09-14T17:22:00.815Z] liveness uptimeSec=55.1
[SERVER][diag 2025-09-14T17:22:05.825Z] liveness uptimeSec=60.1
[SERVER][diag 2025-09-14T17:22:10.840Z] liveness uptimeSec=65.1
[SERVER][diag 2025-09-14T17:22:15.847Z] liveness uptimeSec=70.1
[SERVER][diag 2025-09-14T17:22:20.855Z] liveness uptimeSec=75.1
[SERVER][diag 2025-09-14T17:22:25.860Z] liveness uptimeSec=80.1
[SERVER][diag 2025-09-14T17:22:27.359Z] signal SIGINT received count=1 ignoreFirst=false
[SERVER][diag 2025-09-14T17:22:27.360Z] shutdown-begin trigger=SIGINT sigintCount=1
[SERVER][diag 2025-09-14T17:22:27.361Z] active-handles count=3 requests=0
[SERVER][diag 2025-09-14T17:22:27.361Z] handle[0] WriteStream
[SERVER][diag 2025-09-14T17:22:27.362Z] handle[1] WriteStream
[SERVER][diag 2025-09-14T17:22:27.363Z] handle[2] Server
[SERVER][diag 2025-09-14T17:22:27.364Z] shutdown-complete
[SERVER][diag 2025-09-14T17:22:27.365Z] exit code=0 uptimeMs=81634
[SERVER][diag 2025-09-14T17:22:44.098Z] liveness uptimeSec=5.0
[SERVER][diag 2025-09-14T17:22:49.109Z] liveness uptimeSec=10.0
[SERVER][diag 2025-09-14T17:22:50.676Z] signal SIGINT received count=1 ignoreFirst=false
[SERVER][diag 2025-09-14T17:22:50.679Z] shutdown-begin trigger=SIGINT sigintCount=1
[SERVER][diag 2025-09-14T17:22:50.680Z] active-handles count=3 requests=0
[SERVER][diag 2025-09-14T17:22:50.681Z] handle[0] WriteStream
[SERVER][diag 2025-09-14T17:22:50.681Z] handle[1] WriteStream
[SERVER][diag 2025-09-14T17:22:50.682Z] handle[2] Server
[SERVER][diag 2025-09-14T17:22:50.684Z] shutdown-complete
[SERVER][diag 2025-09-14T17:22:50.685Z] exit code=0 uptimeMs=11610
[SERVER][diag 2025-09-14T17:23:20.031Z] liveness uptimeSec=5.0
[SERVER][diag 2025-09-14T17:23:25.033Z] liveness uptimeSec=10.0
[SERVER][diag 2025-09-14T17:23:30.038Z] liveness uptimeSec=15.0
[SERVER][diag 2025-09-14T17:23:35.045Z] liveness uptimeSec=20.0
[SERVER][diag 2025-09-14T17:23:40.057Z] liveness uptimeSec=25.0
[SERVER][diag 2025-09-14T17:23:45.065Z] liveness uptimeSec=30.1
[SERVER][diag 2025-09-14T17:23:50.066Z] liveness uptimeSec=35.1
[SERVER][diag 2025-09-14T17:23:55.072Z] liveness uptimeSec=40.1
[SERVER][diag 2025-09-14T17:24:00.073Z] liveness uptimeSec=45.1
[SERVER][diag 2025-09-14T17:24:05.076Z] liveness uptimeSec=50.1
[SERVER][diag 2025-09-14T17:24:10.090Z] liveness uptimeSec=55.1
[SERVER][diag 2025-09-14T17:24:15.091Z] liveness uptimeSec=60.1
[SERVER][diag 2025-09-14T17:24:20.104Z] liveness uptimeSec=65.1
[SERVER][diag 2025-09-14T17:24:25.117Z] liveness uptimeSec=70.1
[SERVER][diag 2025-09-14T17:24:30.122Z] liveness uptimeSec=75.1
[SERVER][diag 2025-09-14T17:25:00.367Z] liveness uptimeSec=5.0
[SERVER][diag 2025-09-14T17:25:05.374Z] liveness uptimeSec=10.0
[SERVER][diag 2025-09-14T17:25:06.781Z] signal SIGINT received count=1 ignoreFirst=false
[SERVER][diag 2025-09-14T17:25:06.782Z] shutdown-begin trigger=SIGINT sigintCount=1
[SERVER][diag 2025-09-14T17:25:06.783Z] active-handles count=3 requests=0
[SERVER][diag 2025-09-14T17:25:06.783Z] handle[0] WriteStream
[SERVER][diag 2025-09-14T17:25:06.784Z] handle[1] WriteStream
[SERVER][diag 2025-09-14T17:25:06.784Z] handle[2] Server
[SERVER][diag 2025-09-14T17:25:06.785Z] shutdown-complete
[SERVER][diag 2025-09-14T17:25:06.786Z] exit code=0 uptimeMs=11440
[SERVER][diag 2025-09-14T17:28:56.834Z] liveness uptimeSec=5.0
[SERVER][diag 2025-09-14T17:29:01.843Z] liveness uptimeSec=10.0
[SERVER][diag 2025-09-14T17:29:06.852Z] liveness uptimeSec=15.0
[SERVER][diag 2025-09-14T17:29:11.868Z] liveness uptimeSec=20.1
[SERVER][diag 2025-09-14T17:29:16.879Z] liveness uptimeSec=25.1
[SERVER][diag 2025-09-14T17:29:21.889Z] liveness uptimeSec=30.1
[SERVER][diag 2025-09-14T17:29:26.894Z] liveness uptimeSec=35.1
[SERVER][diag 2025-09-14T17:29:31.896Z] liveness uptimeSec=40.1
[SERVER][diag 2025-09-14T17:29:36.915Z] liveness uptimeSec=45.1
[SERVER][diag 2025-09-14T17:29:41.919Z] liveness uptimeSec=50.1
[SERVER][diag 2025-09-14T17:29:46.923Z] liveness uptimeSec=55.1
[SERVER][diag 2025-09-14T17:29:51.935Z] liveness uptimeSec=60.1
[SERVER][diag 2025-09-14T17:29:56.949Z] liveness uptimeSec=65.1
[SERVER][diag 2025-09-14T17:30:01.949Z] liveness uptimeSec=70.1
[SERVER][diag 2025-09-14T17:30:06.950Z] liveness uptimeSec=75.1
[SERVER][diag 2025-09-14T17:30:11.968Z] liveness uptimeSec=80.2
[SERVER][diag 2025-09-14T17:30:16.970Z] liveness uptimeSec=85.2
[SERVER][diag 2025-09-14T17:30:21.974Z] liveness uptimeSec=90.2
[SERVER][diag 2025-09-14T17:30:26.984Z] liveness uptimeSec=95.2
[SERVER][diag 2025-09-14T17:30:31.990Z] liveness uptimeSec=100.2
[SERVER][diag 2025-09-14T17:30:36.991Z] liveness uptimeSec=105.2
[SERVER][diag 2025-09-14T17:30:41.993Z] liveness uptimeSec=110.2
[SERVER][diag 2025-09-14T17:30:47.002Z] liveness uptimeSec=115.2
[SERVER][diag 2025-09-14T17:30:52.011Z] liveness uptimeSec=120.2
[SERVER][diag 2025-09-14T17:30:57.013Z] liveness uptimeSec=125.2
[SERVER][diag 2025-09-14T17:31:02.027Z] liveness uptimeSec=130.2
[SERVER][diag 2025-09-14T17:31:07.028Z] liveness uptimeSec=135.2
[SERVER][diag 2025-09-14T17:31:12.040Z] liveness uptimeSec=140.2
[SERVER][diag 2025-09-14T17:31:17.048Z] liveness uptimeSec=145.2
[SERVER][diag 2025-09-14T17:31:22.053Z] liveness uptimeSec=150.2
[SERVER][diag 2025-09-14T17:31:27.055Z] liveness uptimeSec=155.2
[SERVER][diag 2025-09-14T17:31:32.066Z] liveness uptimeSec=160.3
[SERVER][diag 2025-09-14T17:31:37.067Z] liveness uptimeSec=165.3
[SERVER][diag 2025-09-14T17:31:42.078Z] liveness uptimeSec=170.3
[SERVER][diag 2025-09-14T17:31:47.078Z] liveness uptimeSec=175.3
[SERVER][diag 2025-09-14T17:31:52.088Z] liveness uptimeSec=180.3
[SERVER][diag 2025-09-14T17:31:57.095Z] liveness uptimeSec=185.3
[SERVER][diag 2025-09-14T17:32:58.221Z] liveness uptimeSec=5.0
[SERVER][diag 2025-09-14T17:33:03.226Z] liveness uptimeSec=10.0
[SERVER][diag 2025-09-14T17:33:08.227Z] liveness uptimeSec=15.0
[SERVER][diag 2025-09-14T17:33:13.241Z] liveness uptimeSec=20.1
[SERVER][diag 2025-09-14T17:33:18.253Z] liveness uptimeSec=25.1
[SERVER][diag 2025-09-14T17:33:23.266Z] liveness uptimeSec=30.1
[SERVER][diag 2025-09-14T17:33:28.267Z] liveness uptimeSec=35.1
[SERVER][diag 2025-09-14T17:33:33.277Z] liveness uptimeSec=40.1
[SERVER][diag 2025-09-14T17:33:38.289Z] liveness uptimeSec=45.1
[SERVER][diag 2025-09-14T17:33:43.304Z] liveness uptimeSec=50.1
[SERVER][diag 2025-09-14T17:33:48.304Z] liveness uptimeSec=55.1
[SERVER][diag 2025-09-14T17:33:53.312Z] liveness uptimeSec=60.1
[SERVER][diag 2025-09-14T17:33:58.317Z] liveness uptimeSec=65.1
[SERVER][diag 2025-09-14T17:34:03.333Z] liveness uptimeSec=70.1
[SERVER][diag 2025-09-14T17:34:08.336Z] liveness uptimeSec=75.1
[SERVER][diag 2025-09-14T17:34:13.351Z] liveness uptimeSec=80.2
[SERVER][diag 2025-09-14T17:34:18.366Z] liveness uptimeSec=85.2
[SERVER][diag 2025-09-14T17:34:23.376Z] liveness uptimeSec=90.2
[SERVER][diag 2025-09-14T17:34:28.391Z] liveness uptimeSec=95.2
[SERVER][diag 2025-09-14T17:34:33.395Z] liveness uptimeSec=100.2
[SERVER][diag 2025-09-14T17:34:38.399Z] liveness uptimeSec=105.2
[SERVER][diag 2025-09-14T17:34:43.407Z] liveness uptimeSec=110.2
[SERVER][diag 2025-09-14T17:34:48.414Z] liveness uptimeSec=115.2
[SERVER][diag 2025-09-14T17:34:53.430Z] liveness uptimeSec=120.2
[SERVER][diag 2025-09-14T17:34:58.440Z] liveness uptimeSec=125.3
[SERVER][diag 2025-09-14T17:35:03.440Z] liveness uptimeSec=130.3
[SERVER][diag 2025-09-14T17:35:08.449Z] liveness uptimeSec=135.3
[SERVER][diag 2025-09-14T17:35:13.453Z] liveness uptimeSec=140.3
[SERVER][diag 2025-09-14T17:35:18.458Z] liveness uptimeSec=145.3
[SERVER][diag 2025-09-14T17:35:23.466Z] liveness uptimeSec=150.3
[SERVER][diag 2025-09-14T17:35:28.466Z] liveness uptimeSec=155.3
[SERVER][diag 2025-09-14T17:35:33.467Z] liveness uptimeSec=160.3
[SERVER][diag 2025-09-14T17:35:38.482Z] liveness uptimeSec=165.3
[SERVER][diag 2025-09-14T17:35:43.482Z] liveness uptimeSec=170.3
[SERVER][diag 2025-09-14T17:35:48.486Z] liveness uptimeSec=175.3
[SERVER][diag 2025-09-14T17:35:53.488Z] liveness uptimeSec=180.3
[SERVER][diag 2025-09-14T17:35:58.494Z] liveness uptimeSec=185.3
[SERVER][diag 2025-09-14T17:36:03.499Z] liveness uptimeSec=190.3
[SERVER][diag 2025-09-14T17:36:08.506Z] liveness uptimeSec=195.3
[SERVER][diag 2025-09-14T17:36:13.508Z] liveness uptimeSec=200.3
[SERVER][diag 2025-09-14T17:36:18.520Z] liveness uptimeSec=205.3
[SERVER][diag 2025-09-14T17:36:23.522Z] liveness uptimeSec=210.3
[SERVER][diag 2025-09-14T17:36:28.530Z] liveness uptimeSec=215.3
[SERVER][diag 2025-09-14T17:36:33.534Z] liveness uptimeSec=220.3
[SERVER][diag 2025-09-14T17:36:38.539Z] liveness uptimeSec=225.3
[SERVER][diag 2025-09-14T17:36:43.548Z] liveness uptimeSec=230.4
[SERVER][diag 2025-09-14T17:36:48.551Z] liveness uptimeSec=235.4
[SERVER][diag 2025-09-14T17:36:53.552Z] liveness uptimeSec=240.4
[SERVER][diag 2025-09-14T17:36:58.565Z] liveness uptimeSec=245.4
[SERVER][diag 2025-09-14T17:37:03.580Z] liveness uptimeSec=250.4
[SERVER][diag 2025-09-14T17:37:08.585Z] liveness uptimeSec=255.4
[SERVER][diag 2025-09-14T17:37:13.591Z] liveness uptimeSec=260.4
[SERVER][diag 2025-09-14T17:37:18.600Z] liveness uptimeSec=265.4
[SERVER][diag 2025-09-14T17:37:23.605Z] liveness uptimeSec=270.4
[SERVER][diag 2025-09-14T17:37:28.606Z] liveness uptimeSec=275.4
[SERVER][diag 2025-09-14T17:37:33.614Z] liveness uptimeSec=280.4
[SERVER][diag 2025-09-14T17:37:38.625Z] liveness uptimeSec=285.4
[SERVER][diag 2025-09-14T17:37:43.631Z] liveness uptimeSec=290.4
[SERVER][diag 2025-09-14T17:37:48.642Z] liveness uptimeSec=295.5
[SERVER][diag 2025-09-14T17:37:53.655Z] liveness uptimeSec=300.5
[SERVER][diag 2025-09-14T17:37:58.656Z] liveness uptimeSec=305.5
[SERVER][diag 2025-09-14T17:38:03.670Z] liveness uptimeSec=310.5
[SERVER][diag 2025-09-14T17:38:08.677Z] liveness uptimeSec=315.5
[SERVER][diag 2025-09-14T17:38:13.686Z] liveness uptimeSec=320.5
[SERVER][diag 2025-09-14T17:38:18.694Z] liveness uptimeSec=325.5
[SERVER][diag 2025-09-14T17:38:23.700Z] liveness uptimeSec=330.5
[SERVER][diag 2025-09-14T17:38:28.704Z] liveness uptimeSec=335.5
[SERVER][diag 2025-09-14T17:38:33.708Z] liveness uptimeSec=340.5
[SERVER][diag 2025-09-14T17:38:38.712Z] liveness uptimeSec=345.5
[SERVER][diag 2025-09-14T17:38:43.722Z] liveness uptimeSec=350.5
[SERVER][diag 2025-09-14T17:38:48.729Z] liveness uptimeSec=355.5
[SERVER][diag 2025-09-14T17:38:53.736Z] liveness uptimeSec=360.5
[SERVER][diag 2025-09-14T17:38:58.742Z] liveness uptimeSec=365.6
[SERVER][diag 2025-09-14T17:39:03.745Z] liveness uptimeSec=370.6
[SERVER][diag 2025-09-14T17:39:08.751Z] liveness uptimeSec=375.6
[SERVER][diag 2025-09-14T17:39:13.755Z] liveness uptimeSec=380.6
[SERVER][diag 2025-09-14T17:39:18.766Z] liveness uptimeSec=385.6
[SERVER][diag 2025-09-14T17:39:23.771Z] liveness uptimeSec=390.6
[SERVER][diag 2025-09-14T17:39:28.786Z] liveness uptimeSec=395.6
[SERVER][diag 2025-09-14T17:39:33.786Z] liveness uptimeSec=400.6
[SERVER][diag 2025-09-14T17:39:38.790Z] liveness uptimeSec=405.6
[SERVER][diag 2025-09-14T17:39:43.793Z] liveness uptimeSec=410.6
[SERVER][diag 2025-09-14T17:39:48.803Z] liveness uptimeSec=415.6
[SERVER][diag 2025-09-14T17:39:53.808Z] liveness uptimeSec=420.6
[SERVER][diag 2025-09-14T17:39:58.823Z] liveness uptimeSec=425.6
[SERVER][diag 2025-09-14T17:40:03.836Z] liveness uptimeSec=430.6
[SERVER][diag 2025-09-14T17:40:08.850Z] liveness uptimeSec=435.7
[SERVER][diag 2025-09-14T17:40:13.852Z] liveness uptimeSec=440.7
[SERVER][diag 2025-09-14T17:40:18.852Z] liveness uptimeSec=445.7
[SERVER][diag 2025-09-14T17:40:23.861Z] liveness uptimeSec=450.7
[SERVER][diag 2025-09-14T17:40:28.876Z] liveness uptimeSec=455.7
[SERVER][diag 2025-09-14T17:40:33.889Z] liveness uptimeSec=460.7
[SERVER][diag 2025-09-14T17:40:38.890Z] liveness uptimeSec=465.7
[SERVER][diag 2025-09-14T17:40:43.903Z] liveness uptimeSec=470.7
[SERVER][diag 2025-09-14T17:40:48.904Z] liveness uptimeSec=475.7
[SERVER][diag 2025-09-14T17:40:53.912Z] liveness uptimeSec=480.7
[SERVER][diag 2025-09-14T17:40:58.925Z] liveness uptimeSec=485.7
[SERVER][diag 2025-09-14T17:41:03.929Z] liveness uptimeSec=490.7
[SERVER][diag 2025-09-14T17:41:08.929Z] liveness uptimeSec=495.7
[SERVER][diag 2025-09-14T17:41:13.941Z] liveness uptimeSec=500.8
[SERVER][diag 2025-09-14T17:41:18.952Z] liveness uptimeSec=505.8
[SERVER][diag 2025-09-14T17:41:23.963Z] liveness uptimeSec=510.8
[SERVER][diag 2025-09-14T17:41:28.969Z] liveness uptimeSec=515.8
[SERVER][diag 2025-09-14T17:41:33.981Z] liveness uptimeSec=520.8
[SERVER][diag 2025-09-14T17:41:38.986Z] liveness uptimeSec=525.8
[SERVER][diag 2025-09-14T17:41:43.997Z] liveness uptimeSec=530.8
[SERVER][diag 2025-09-14T17:41:49.011Z] liveness uptimeSec=535.8
[SERVER][diag 2025-09-14T17:41:54.016Z] liveness uptimeSec=540.8
[SERVER][diag 2025-09-14T17:41:59.019Z] liveness uptimeSec=545.8
[SERVER][diag 2025-09-14T17:42:04.025Z] liveness uptimeSec=550.8
[SERVER][diag 2025-09-14T17:42:09.032Z] liveness uptimeSec=555.8
[SERVER][diag 2025-09-14T17:42:14.037Z] liveness uptimeSec=560.8
[SERVER][diag 2025-09-14T17:42:19.044Z] liveness uptimeSec=565.9
[SERVER][diag 2025-09-14T17:42:24.049Z] liveness uptimeSec=570.9
[SERVER][diag 2025-09-14T17:42:29.061Z] liveness uptimeSec=575.9
[SERVER][diag 2025-09-14T17:42:34.063Z] liveness uptimeSec=580.9
[SERVER][diag 2025-09-14T17:42:39.076Z] liveness uptimeSec=585.9
[SERVER][diag 2025-09-14T17:42:44.084Z] liveness uptimeSec=590.9
[SERVER][diag 2025-09-14T17:42:49.093Z] liveness uptimeSec=595.9
[SERVER][diag 2025-09-14T17:42:54.093Z] liveness uptimeSec=600.9
[SERVER][diag 2025-09-14T17:42:59.096Z] liveness uptimeSec=605.9
[SERVER][diag 2025-09-14T17:43:04.099Z] liveness uptimeSec=610.9
[SERVER][diag 2025-09-14T17:43:09.100Z] liveness uptimeSec=615.9
[SERVER][diag 2025-09-14T17:43:14.112Z] liveness uptimeSec=620.9
[SERVER][diag 2025-09-14T17:43:19.126Z] liveness uptimeSec=625.9
[SERVER][diag 2025-09-14T17:43:24.131Z] liveness uptimeSec=630.9
[SERVER][diag 2025-09-14T17:43:29.134Z] liveness uptimeSec=635.9
[SERVER][diag 2025-09-14T17:43:34.135Z] liveness uptimeSec=640.9
[SERVER][diag 2025-09-14T17:43:39.137Z] liveness uptimeSec=645.9
[SERVER][diag 2025-09-14T17:43:44.149Z] liveness uptimeSec=651.0
[SERVER][diag 2025-09-14T17:43:49.154Z] liveness uptimeSec=656.0
[SERVER][diag 2025-09-14T17:43:54.156Z] liveness uptimeSec=661.0
[SERVER][diag 2025-09-14T17:43:59.161Z] liveness uptimeSec=666.0
[SERVER][diag 2025-09-14T17:44:04.173Z] liveness uptimeSec=671.0
[SERVER][diag 2025-09-14T17:44:09.188Z] liveness uptimeSec=676.0
[SERVER][diag 2025-09-14T17:44:14.189Z] liveness uptimeSec=681.0
[SERVER][diag 2025-09-14T17:44:19.202Z] liveness uptimeSec=686.0
[SERVER][diag 2025-09-14T17:44:24.208Z] liveness uptimeSec=691.0
[SERVER][diag 2025-09-14T17:44:29.217Z] liveness uptimeSec=696.0
[SERVER][diag 2025-09-14T17:44:34.223Z] liveness uptimeSec=701.0
[SERVER][diag 2025-09-14T17:44:39.229Z] liveness uptimeSec=706.0
[SERVER][diag 2025-09-14T17:44:44.237Z] liveness uptimeSec=711.0
[SERVER][diag 2025-09-14T17:44:49.249Z] liveness uptimeSec=716.1
[SERVER][diag 2025-09-14T17:44:54.254Z] liveness uptimeSec=721.1
[SERVER][diag 2025-09-14T17:44:59.265Z] liveness uptimeSec=726.1
[SERVER][diag 2025-09-14T17:45:04.281Z] liveness uptimeSec=731.1
[SERVER][diag 2025-09-14T17:45:09.296Z] liveness uptimeSec=736.1
[SERVER][diag 2025-09-14T17:45:14.310Z] liveness uptimeSec=741.1
[SERVER][diag 2025-09-14T17:45:19.312Z] liveness uptimeSec=746.1
[SERVER][diag 2025-09-14T17:45:24.314Z] liveness uptimeSec=751.1
[SERVER][diag 2025-09-14T17:45:29.317Z] liveness uptimeSec=756.1
[SERVER][diag 2025-09-14T17:45:34.348Z] liveness uptimeSec=761.2
[SERVER][diag 2025-09-14T17:45:39.351Z] liveness uptimeSec=766.2
[SERVER][diag 2025-09-14T17:45:44.365Z] liveness uptimeSec=771.2
[SERVER][diag 2025-09-14T17:45:49.369Z] liveness uptimeSec=776.2
[SERVER][diag 2025-09-14T17:45:54.377Z] liveness uptimeSec=781.2
[SERVER][diag 2025-09-14T17:45:59.387Z] liveness uptimeSec=786.2
[SERVER][diag 2025-09-14T17:46:04.390Z] liveness uptimeSec=791.2
[SERVER][diag 2025-09-14T17:46:09.404Z] liveness uptimeSec=796.2
[SERVER][diag 2025-09-14T17:46:14.405Z] liveness uptimeSec=801.2
[SERVER][diag 2025-09-14T17:46:19.424Z] liveness uptimeSec=806.2
[SERVER][diag 2025-09-14T17:46:24.429Z] liveness uptimeSec=811.2
[SERVER][diag 2025-09-14T17:46:29.428Z] liveness uptimeSec=816.2
[SERVER][diag 2025-09-14T17:46:34.430Z] liveness uptimeSec=821.2
[SERVER][diag 2025-09-14T17:46:39.445Z] liveness uptimeSec=826.3
[SERVER][diag 2025-09-14T17:46:44.445Z] liveness uptimeSec=831.3
[SERVER][diag 2025-09-14T17:46:49.456Z] liveness uptimeSec=836.3
[SERVER][diag 2025-09-14T17:46:54.469Z] liveness uptimeSec=841.3
[SERVER][diag 2025-09-14T17:46:59.484Z] liveness uptimeSec=846.3
[SERVER][diag 2025-09-14T17:47:04.485Z] liveness uptimeSec=851.3
[SERVER][diag 2025-09-14T17:47:09.495Z] liveness uptimeSec=856.3
[SERVER][diag 2025-09-14T17:47:14.497Z] liveness uptimeSec=861.3
[SERVER][diag 2025-09-14T17:47:19.509Z] liveness uptimeSec=866.3
[SERVER][diag 2025-09-14T17:47:24.523Z] liveness uptimeSec=871.3
[SERVER][diag 2025-09-14T17:47:29.532Z] liveness uptimeSec=876.3
[SERVER][diag 2025-09-14T17:47:34.533Z] liveness uptimeSec=881.3
[SERVER][diag 2025-09-14T17:47:39.547Z] liveness uptimeSec=886.4
[SERVER][diag 2025-09-14T17:47:44.549Z] liveness uptimeSec=891.4
[SERVER][diag 2025-09-14T17:47:49.550Z] liveness uptimeSec=896.4
[SERVER][diag 2025-09-14T17:47:54.561Z] liveness uptimeSec=901.4
[SERVER][diag 2025-09-14T17:47:59.576Z] liveness uptimeSec=906.4
[SERVER][diag 2025-09-14T17:48:04.575Z] liveness uptimeSec=911.4
[SERVER][diag 2025-09-14T17:48:09.582Z] liveness uptimeSec=916.4
[SERVER][diag 2025-09-14T17:48:14.590Z] liveness uptimeSec=921.4
[SERVER][diag 2025-09-14T17:48:19.600Z] liveness uptimeSec=926.4
[SERVER][diag 2025-09-14T17:48:24.612Z] liveness uptimeSec=931.4
[SERVER][diag 2025-09-14T17:48:29.617Z] liveness uptimeSec=936.4
[SERVER][diag 2025-09-14T17:48:34.641Z] liveness uptimeSec=941.5
[SERVER][diag 2025-09-14T17:48:39.643Z] liveness uptimeSec=946.5
[SERVER][diag 2025-09-14T17:48:44.646Z] liveness uptimeSec=951.5
[SERVER][diag 2025-09-14T17:48:49.657Z] liveness uptimeSec=956.5
[SERVER][diag 2025-09-14T17:48:54.659Z] liveness uptimeSec=961.5
[SERVER][diag 2025-09-14T17:48:59.666Z] liveness uptimeSec=966.5
[SERVER][diag 2025-09-14T17:49:04.676Z] liveness uptimeSec=971.5
[SERVER][diag 2025-09-14T17:49:09.678Z] liveness uptimeSec=976.5
[SERVER][diag 2025-09-14T17:49:14.690Z] liveness uptimeSec=981.5
[SERVER][diag 2025-09-14T17:49:19.698Z] liveness uptimeSec=986.5
[SERVER][diag 2025-09-14T17:49:24.711Z] liveness uptimeSec=991.5
[SERVER][diag 2025-09-14T17:49:29.750Z] liveness uptimeSec=996.6
[SERVER][diag 2025-09-14T17:49:34.767Z] liveness uptimeSec=1001.6
[SERVER][diag 2025-09-14T17:49:39.780Z] liveness uptimeSec=1006.6
[SERVER][diag 2025-09-14T17:49:44.783Z] liveness uptimeSec=1011.6
[SERVER][diag 2025-09-14T17:49:49.791Z] liveness uptimeSec=1016.6
[SERVER][diag 2025-09-14T17:49:54.796Z] liveness uptimeSec=1021.6
[SERVER][diag 2025-09-14T17:49:59.807Z] liveness uptimeSec=1026.6
[SERVER][diag 2025-09-14T17:50:04.810Z] liveness uptimeSec=1031.6
[SERVER][diag 2025-09-14T17:50:09.821Z] liveness uptimeSec=1036.6
[SERVER][diag 2025-09-14T17:50:14.822Z] liveness uptimeSec=1041.6
[SERVER][diag 2025-09-14T17:50:19.837Z] liveness uptimeSec=1046.6
[SERVER][diag 2025-09-14T17:50:24.846Z] liveness uptimeSec=1051.7
[SERVER][diag 2025-09-14T17:50:29.852Z] liveness uptimeSec=1056.7
[SERVER][diag 2025-09-14T17:50:34.867Z] liveness uptimeSec=1061.7
[SERVER][diag 2025-09-14T17:50:39.874Z] liveness uptimeSec=1066.7
[SERVER][diag 2025-09-14T17:50:44.883Z] liveness uptimeSec=1071.7
[SERVER][diag 2025-09-14T17:50:49.890Z] liveness uptimeSec=1076.7
[SERVER][diag 2025-09-14T17:50:54.891Z] liveness uptimeSec=1081.7
[SERVER][diag 2025-09-14T17:50:59.921Z] liveness uptimeSec=1086.7
[SERVER][diag 2025-09-14T17:51:04.921Z] liveness uptimeSec=1091.7
[SERVER][diag 2025-09-14T17:51:09.936Z] liveness uptimeSec=1096.7
[SERVER][diag 2025-09-14T17:51:14.948Z] liveness uptimeSec=1101.8
[SERVER][diag 2025-09-14T17:51:19.964Z] liveness uptimeSec=1106.8
[SERVER][diag 2025-09-14T17:51:24.975Z] liveness uptimeSec=1111.8
[SERVER][diag 2025-09-14T17:51:29.978Z] liveness uptimeSec=1116.8
[SERVER][diag 2025-09-14T17:51:34.978Z] liveness uptimeSec=1121.8
[SERVER][diag 2025-09-14T17:51:39.988Z] liveness uptimeSec=1126.8
[SERVER][diag 2025-09-14T17:51:45.002Z] liveness uptimeSec=1131.8
[SERVER][diag 2025-09-14T17:51:50.003Z] liveness uptimeSec=1136.8
[SERVER][diag 2025-09-14T17:51:55.018Z] liveness uptimeSec=1141.8
[SERVER][diag 2025-09-14T17:52:00.021Z] liveness uptimeSec=1146.8
[SERVER][diag 2025-09-14T17:52:05.034Z] liveness uptimeSec=1151.8
[SERVER][diag 2025-09-14T17:52:10.038Z] liveness uptimeSec=1156.8
[SERVER][diag 2025-09-14T17:52:15.044Z] liveness uptimeSec=1161.9
[SERVER][diag 2025-09-14T17:52:20.047Z] liveness uptimeSec=1166.9
[SERVER][diag 2025-09-14T17:52:25.054Z] liveness uptimeSec=1171.9
[SERVER][diag 2025-09-14T17:52:30.057Z] liveness uptimeSec=1176.9
[SERVER][diag 2025-09-14T17:52:35.062Z] liveness uptimeSec=1181.9
[SERVER][diag 2025-09-14T17:52:40.065Z] liveness uptimeSec=1186.9
[SERVER][diag 2025-09-14T17:52:45.076Z] liveness uptimeSec=1191.9
[SERVER][diag 2025-09-14T17:52:50.082Z] liveness uptimeSec=1196.9
[SERVER][diag 2025-09-14T17:52:55.089Z] liveness uptimeSec=1201.9
[SERVER][diag 2025-09-14T17:53:00.101Z] liveness uptimeSec=1206.9
[SERVER][diag 2025-09-14T17:53:05.101Z] liveness uptimeSec=1211.9
[SERVER][diag 2025-09-14T17:53:10.111Z] liveness uptimeSec=1216.9
[SERVER][diag 2025-09-14T17:53:15.112Z] liveness uptimeSec=1221.9
[SERVER][diag 2025-09-14T17:53:20.116Z] liveness uptimeSec=1226.9
[SERVER][diag 2025-09-14T17:53:25.122Z] liveness uptimeSec=1231.9
[SERVER][diag 2025-09-14T17:53:30.122Z] liveness uptimeSec=1236.9
[SERVER][diag 2025-09-14T17:53:35.132Z] liveness uptimeSec=1241.9
[SERVER][diag 2025-09-14T17:53:40.137Z] liveness uptimeSec=1246.9
[SERVER][diag 2025-09-14T17:53:45.152Z] liveness uptimeSec=1252.0
[SERVER][diag 2025-09-14T17:53:50.160Z] liveness uptimeSec=1257.0
[SERVER][diag 2025-09-14T17:53:55.164Z] liveness uptimeSec=1262.0
[SERVER][diag 2025-09-14T17:54:00.174Z] liveness uptimeSec=1267.0
[SERVER][diag 2025-09-14T17:54:05.179Z] liveness uptimeSec=1272.0
[SERVER][diag 2025-09-14T17:54:10.190Z] liveness uptimeSec=1277.0
[SERVER][diag 2025-09-14T17:54:15.207Z] liveness uptimeSec=1282.0
[SERVER][diag 2025-09-14T17:54:20.214Z] liveness uptimeSec=1287.0
[SERVER][diag 2025-09-14T17:54:25.215Z] liveness uptimeSec=1292.0
[SERVER][diag 2025-09-14T17:54:30.230Z] liveness uptimeSec=1297.0
[SERVER][diag 2025-09-14T17:54:35.231Z] liveness uptimeSec=1302.0
[SERVER][diag 2025-09-14T17:54:40.237Z] liveness uptimeSec=1307.0
[SERVER][diag 2025-09-14T17:54:45.243Z] liveness uptimeSec=1312.1
[SERVER][diag 2025-09-14T17:54:50.253Z] liveness uptimeSec=1317.1
[SERVER][diag 2025-09-14T17:54:55.268Z] liveness uptimeSec=1322.1
[SERVER][diag 2025-09-14T17:55:00.278Z] liveness uptimeSec=1327.1
[SERVER][diag 2025-09-14T17:55:05.291Z] liveness uptimeSec=1332.1
[SERVER][diag 2025-09-14T17:55:10.305Z] liveness uptimeSec=1337.1
[SERVER][diag 2025-09-14T17:55:15.310Z] liveness uptimeSec=1342.1
[SERVER][diag 2025-09-14T17:55:20.312Z] liveness uptimeSec=1347.1
[SERVER][diag 2025-09-14T17:55:25.326Z] liveness uptimeSec=1352.1
[SERVER][diag 2025-09-14T17:55:30.329Z] liveness uptimeSec=1357.1
[SERVER][diag 2025-09-14T17:55:35.338Z] liveness uptimeSec=1362.1
[SERVER][diag 2025-09-14T17:55:40.353Z] liveness uptimeSec=1367.2
[SERVER][diag 2025-09-14T17:55:45.357Z] liveness uptimeSec=1372.2
[SERVER][diag 2025-09-14T17:55:50.363Z] liveness uptimeSec=1377.2
[SERVER][diag 2025-09-14T17:55:55.369Z] liveness uptimeSec=1382.2
[SERVER][diag 2025-09-14T17:56:00.373Z] liveness uptimeSec=1387.2
[SERVER][diag 2025-09-14T17:56:05.378Z] liveness uptimeSec=1392.2
[SERVER][diag 2025-09-14T17:56:10.383Z] liveness uptimeSec=1397.2
[SERVER][diag 2025-09-14T17:56:15.388Z] liveness uptimeSec=1402.2
[SERVER][diag 2025-09-14T17:56:20.401Z] liveness uptimeSec=1407.2
[SERVER][diag 2025-09-14T17:56:25.412Z] liveness uptimeSec=1412.2
[SERVER][diag 2025-09-14T17:56:30.421Z] liveness uptimeSec=1417.2
[SERVER][diag 2025-09-14T17:56:35.433Z] liveness uptimeSec=1422.2
[SERVER][diag 2025-09-14T17:56:40.433Z] liveness uptimeSec=1427.2
[SERVER][diag 2025-09-14T17:56:45.440Z] liveness uptimeSec=1432.3
[SERVER][diag 2025-09-14T17:56:50.445Z] liveness uptimeSec=1437.3
[SERVER][diag 2025-09-14T17:56:55.451Z] liveness uptimeSec=1442.3
[SERVER][diag 2025-09-14T17:57:00.463Z] liveness uptimeSec=1447.3
[SERVER][diag 2025-09-14T17:57:05.480Z] liveness uptimeSec=1452.3
[SERVER][diag 2025-09-14T17:57:10.486Z] liveness uptimeSec=1457.3
[SERVER][diag 2025-09-14T17:57:15.502Z] liveness uptimeSec=1462.3
[SERVER][diag 2025-09-14T17:57:20.514Z] liveness uptimeSec=1467.3
[SERVER][diag 2025-09-14T17:57:25.519Z] liveness uptimeSec=1472.3
[SERVER][diag 2025-09-14T17:57:30.530Z] liveness uptimeSec=1477.3
[SERVER][diag 2025-09-14T17:57:35.540Z] liveness uptimeSec=1482.3
[SERVER][diag 2025-09-14T17:57:40.555Z] liveness uptimeSec=1487.4
[SERVER][diag 2025-09-14T17:57:45.567Z] liveness uptimeSec=1492.4
[SERVER][diag 2025-09-14T17:57:50.571Z] liveness uptimeSec=1497.4
[SERVER][diag 2025-09-14T17:57:55.583Z] liveness uptimeSec=1502.4
[SERVER][diag 2025-09-14T17:58:00.593Z] liveness uptimeSec=1507.4
[SERVER][diag 2025-09-14T17:58:05.596Z] liveness uptimeSec=1512.4
[SERVER][diag 2025-09-14T17:58:10.603Z] liveness uptimeSec=1517.4
[SERVER][diag 2025-09-14T17:58:15.611Z] liveness uptimeSec=1522.4
[SERVER][diag 2025-09-14T17:58:20.619Z] liveness uptimeSec=1527.4
[SERVER][diag 2025-09-14T17:58:25.621Z] liveness uptimeSec=1532.4
[SERVER][diag 2025-09-14T17:58:30.631Z] liveness uptimeSec=1537.4
[SERVER][diag 2025-09-14T17:58:35.637Z] liveness uptimeSec=1542.4
[SERVER][diag 2025-09-14T17:58:40.642Z] liveness uptimeSec=1547.5
[SERVER][diag 2025-09-14T17:58:45.645Z] liveness uptimeSec=1552.5
[SERVER][diag 2025-09-14T17:58:50.657Z] liveness uptimeSec=1557.5
[SERVER][diag 2025-09-14T17:58:55.663Z] liveness uptimeSec=1562.5
[SERVER][diag 2025-09-14T17:59:00.677Z] liveness uptimeSec=1567.5
[SERVER][diag 2025-09-14T17:59:05.687Z] liveness uptimeSec=1572.5
[SERVER][diag 2025-09-14T17:59:10.702Z] liveness uptimeSec=1577.5
[SERVER][diag 2025-09-14T17:59:15.707Z] liveness uptimeSec=1582.5
[SERVER][diag 2025-09-14T17:59:20.712Z] liveness uptimeSec=1587.5
[SERVER][diag 2025-09-14T17:59:25.715Z] liveness uptimeSec=1592.5
[SERVER][diag 2025-09-14T17:59:30.721Z] liveness uptimeSec=1597.5
[SERVER][diag 2025-09-14T17:59:35.720Z] liveness uptimeSec=1602.5
[SERVER][diag 2025-09-14T17:59:40.726Z] liveness uptimeSec=1607.5
[SERVER][diag 2025-09-14T17:59:45.735Z] liveness uptimeSec=1612.5
[SERVER][diag 2025-09-14T17:59:50.737Z] liveness uptimeSec=1617.5
[SERVER][diag 2025-09-14T17:59:55.739Z] liveness uptimeSec=1622.5
[SERVER][diag 2025-09-14T18:00:00.742Z] liveness uptimeSec=1627.6
[SERVER][diag 2025-09-14T18:00:05.745Z] liveness uptimeSec=1632.6
[SERVER][diag 2025-09-14T18:00:10.749Z] liveness uptimeSec=1637.6
[SERVER][diag 2025-09-14T18:00:15.757Z] liveness uptimeSec=1642.6
[SERVER][diag 2025-09-14T18:00:20.761Z] liveness uptimeSec=1647.6
[SERVER][diag 2025-09-14T18:00:25.769Z] liveness uptimeSec=1652.6
[SERVER][diag 2025-09-14T18:00:30.787Z] liveness uptimeSec=1657.6
[SERVER][diag 2025-09-14T18:00:35.788Z] liveness uptimeSec=1662.6
[SERVER][diag 2025-09-14T18:00:40.797Z] liveness uptimeSec=1667.6
[SERVER][diag 2025-09-14T18:00:45.812Z] liveness uptimeSec=1672.6
[SERVER][diag 2025-09-14T18:00:50.817Z] liveness uptimeSec=1677.6
[SERVER][diag 2025-09-14T18:00:55.828Z] liveness uptimeSec=1682.6
[SERVER][diag 2025-09-14T18:01:00.835Z] liveness uptimeSec=1687.6
[SERVER][diag 2025-09-14T18:01:05.842Z] liveness uptimeSec=1692.7
[SERVER][diag 2025-09-14T18:01:10.856Z] liveness uptimeSec=1697.7
[SERVER][diag 2025-09-14T18:01:15.864Z] liveness uptimeSec=1702.7
[SERVER][diag 2025-09-14T18:01:20.870Z] liveness uptimeSec=1707.7
[SERVER][diag 2025-09-14T18:01:25.880Z] liveness uptimeSec=1712.7
[SERVER][diag 2025-09-14T18:01:30.883Z] liveness uptimeSec=1717.7
[SERVER][diag 2025-09-14T18:01:35.889Z] liveness uptimeSec=1722.7
[SERVER][diag 2025-09-14T18:01:40.896Z] liveness uptimeSec=1727.7
[SERVER][diag 2025-09-14T18:01:45.904Z] liveness uptimeSec=1732.7
[SERVER][diag 2025-09-14T18:01:50.908Z] liveness uptimeSec=1737.7
[SERVER][diag 2025-09-14T18:01:55.910Z] liveness uptimeSec=1742.7
[SERVER][diag 2025-09-14T18:02:00.919Z] liveness uptimeSec=1747.7
[SERVER][diag 2025-09-14T18:02:05.927Z] liveness uptimeSec=1752.7
[SERVER][diag 2025-09-14T18:02:10.933Z] liveness uptimeSec=1757.7
[SERVER][diag 2025-09-14T18:02:15.944Z] liveness uptimeSec=1762.8
[SERVER][diag 2025-09-14T18:02:20.944Z] liveness uptimeSec=1767.8
[SERVER][diag 2025-09-14T18:02:25.949Z] liveness uptimeSec=1772.8
[SERVER][diag 2025-09-14T18:02:30.957Z] liveness uptimeSec=1777.8
[SERVER][diag 2025-09-14T18:02:35.963Z] liveness uptimeSec=1782.8
[SERVER][diag 2025-09-14T18:02:40.966Z] liveness uptimeSec=1787.8
[SERVER][diag 2025-09-14T18:02:45.969Z] liveness uptimeSec=1792.8
[SERVER][diag 2025-09-14T18:02:50.979Z] liveness uptimeSec=1797.8
[SERVER][diag 2025-09-14T18:02:55.985Z] liveness uptimeSec=1802.8
[SERVER][diag 2025-09-14T18:03:00.990Z] liveness uptimeSec=1807.8
[SERVER][diag 2025-09-14T18:03:05.993Z] liveness uptimeSec=1812.8
[SERVER][diag 2025-09-14T18:03:11.006Z] liveness uptimeSec=1817.8
[SERVER][diag 2025-09-14T18:03:16.020Z] liveness uptimeSec=1822.8
[SERVER][diag 2025-09-14T18:03:21.033Z] liveness uptimeSec=1827.8
[SERVER][diag 2025-09-14T18:03:26.043Z] liveness uptimeSec=1832.9
[SERVER][diag 2025-09-14T18:03:31.050Z] liveness uptimeSec=1837.9
[SERVER][diag 2025-09-14T18:03:36.055Z] liveness uptimeSec=1842.9
[SERVER][diag 2025-09-14T18:03:41.058Z] liveness uptimeSec=1847.9
[SERVER][diag 2025-09-14T18:03:46.069Z] liveness uptimeSec=1852.9
[SERVER][diag 2025-09-14T18:03:51.082Z] liveness uptimeSec=1857.9
[SERVER][diag 2025-09-14T18:03:56.097Z] liveness uptimeSec=1862.9
[SERVER][diag 2025-09-14T18:04:01.103Z] liveness uptimeSec=1867.9
[SERVER][diag 2025-09-14T18:04:06.112Z] liveness uptimeSec=1872.9
[SERVER][diag 2025-09-14T18:04:11.119Z] liveness uptimeSec=1877.9
[SERVER][diag 2025-09-14T18:04:16.123Z] liveness uptimeSec=1882.9
[SERVER][diag 2025-09-14T18:04:21.123Z] liveness uptimeSec=1887.9
[SERVER][diag 2025-09-14T18:04:26.137Z] liveness uptimeSec=1892.9
[SERVER][diag 2025-09-14T18:04:31.156Z] liveness uptimeSec=1898.0
[SERVER][diag 2025-09-14T18:04:36.156Z] liveness uptimeSec=1903.0
[SERVER][diag 2025-09-14T18:04:41.160Z] liveness uptimeSec=1908.0
[SERVER][diag 2025-09-14T18:04:46.171Z] liveness uptimeSec=1913.0
[SERVER][diag 2025-09-14T18:04:51.175Z] liveness uptimeSec=1918.0
[SERVER][diag 2025-09-14T18:04:56.181Z] liveness uptimeSec=1923.0
[SERVER][diag 2025-09-14T18:05:01.195Z] liveness uptimeSec=1928.0
[SERVER][diag 2025-09-14T18:05:06.209Z] liveness uptimeSec=1933.0
[SERVER][diag 2025-09-14T18:05:11.223Z] liveness uptimeSec=1938.0
[SERVER][diag 2025-09-14T18:05:16.226Z] liveness uptimeSec=1943.0
[SERVER][diag 2025-09-14T18:05:21.231Z] liveness uptimeSec=1948.0
[SERVER][diag 2025-09-14T18:05:26.231Z] liveness uptimeSec=1953.0
[SERVER][diag 2025-09-14T18:05:31.238Z] liveness uptimeSec=1958.0
[SERVER][diag 2025-09-14T18:05:36.246Z] liveness uptimeSec=1963.1
[SERVER][diag 2025-09-14T18:05:41.258Z] liveness uptimeSec=1968.1
[SERVER][diag 2025-09-14T18:05:46.270Z] liveness uptimeSec=1973.1
[SERVER][diag 2025-09-14T18:05:51.285Z] liveness uptimeSec=1978.1
[SERVER][diag 2025-09-14T18:05:56.291Z] liveness uptimeSec=1983.1
[SERVER][diag 2025-09-14T18:06:01.298Z] liveness uptimeSec=1988.1
[SERVER][diag 2025-09-14T18:06:06.302Z] liveness uptimeSec=1993.1
[SERVER][diag 2025-09-14T18:06:11.313Z] liveness uptimeSec=1998.1
[SERVER][diag 2025-09-14T18:06:16.327Z] liveness uptimeSec=2003.1
[SERVER][diag 2025-09-14T18:06:21.337Z] liveness uptimeSec=2008.1
[SERVER][diag 2025-09-14T18:06:26.339Z] liveness uptimeSec=2013.1
[SERVER][diag 2025-09-14T18:06:31.341Z] liveness uptimeSec=2018.2
[SERVER][diag 2025-09-14T18:06:36.344Z] liveness uptimeSec=2023.2
[SERVER][diag 2025-09-14T18:06:41.356Z] liveness uptimeSec=2028.2
[SERVER][diag 2025-09-14T18:06:46.363Z] liveness uptimeSec=2033.2
[SERVER][diag 2025-09-14T18:06:51.376Z] liveness uptimeSec=2038.2
[SERVER][diag 2025-09-14T18:06:56.381Z] liveness uptimeSec=2043.2
[SERVER][diag 2025-09-14T18:07:01.391Z] liveness uptimeSec=2048.2
[SERVER][diag 2025-09-14T18:07:06.403Z] liveness uptimeSec=2053.2
[SERVER][diag 2025-09-14T18:07:11.411Z] liveness uptimeSec=2058.2
[SERVER][diag 2025-09-14T18:07:16.416Z] liveness uptimeSec=2063.2
[SERVER][diag 2025-09-14T18:07:21.429Z] liveness uptimeSec=2068.2
[SERVER][diag 2025-09-14T18:07:26.434Z] liveness uptimeSec=2073.2
[SERVER][diag 2025-09-14T18:07:31.447Z] liveness uptimeSec=2078.3
[SERVER][diag 2025-09-14T18:07:36.449Z] liveness uptimeSec=2083.3
[SERVER][diag 2025-09-14T18:07:41.455Z] liveness uptimeSec=2088.3
[SERVER][diag 2025-09-14T18:07:46.458Z] liveness uptimeSec=2093.3
[SERVER][diag 2025-09-14T18:07:51.472Z] liveness uptimeSec=2098.3
[SERVER][diag 2025-09-14T18:07:56.486Z] liveness uptimeSec=2103.3
[SERVER][diag 2025-09-14T18:08:01.496Z] liveness uptimeSec=2108.3
[SERVER][diag 2025-09-14T18:08:06.500Z] liveness uptimeSec=2113.3
[SERVER][diag 2025-09-14T18:08:11.513Z] liveness uptimeSec=2118.3
[SERVER][diag 2025-09-14T18:08:16.513Z] liveness uptimeSec=2123.3
[SERVER][diag 2025-09-14T18:08:21.527Z] liveness uptimeSec=2128.3
[SERVER][diag 2025-09-14T18:08:26.530Z] liveness uptimeSec=2133.3
[SERVER][diag 2025-09-14T18:08:31.543Z] liveness uptimeSec=2138.4
[SERVER][diag 2025-09-14T18:08:36.550Z] liveness uptimeSec=2143.4
[SERVER][diag 2025-09-14T18:08:41.552Z] liveness uptimeSec=2148.4
[SERVER][diag 2025-09-14T18:08:46.561Z] liveness uptimeSec=2153.4
[SERVER][diag 2025-09-14T18:08:51.562Z] liveness uptimeSec=2158.4
[SERVER][diag 2025-09-14T18:08:56.567Z] liveness uptimeSec=2163.4
[SERVER][diag 2025-09-14T18:09:01.580Z] liveness uptimeSec=2168.4
[SERVER][diag 2025-09-14T18:09:06.586Z] liveness uptimeSec=2173.4
[SERVER][diag 2025-09-14T18:09:11.592Z] liveness uptimeSec=2178.4
[SERVER][diag 2025-09-14T18:09:16.604Z] liveness uptimeSec=2183.4
[SERVER][diag 2025-09-14T18:09:21.618Z] liveness uptimeSec=2188.4
[SERVER][diag 2025-09-14T18:09:26.619Z] liveness uptimeSec=2193.4
[SERVER][diag 2025-09-14T18:09:31.629Z] liveness uptimeSec=2198.4
[SERVER][diag 2025-09-14T18:09:36.636Z] liveness uptimeSec=2203.4
[SERVER][diag 2025-09-14T18:09:41.638Z] liveness uptimeSec=2208.4
[SERVER][diag 2025-09-14T18:09:46.641Z] liveness uptimeSec=2213.5
[SERVER][diag 2025-09-14T18:09:51.647Z] liveness uptimeSec=2218.5
[SERVER][diag 2025-09-14T18:09:56.651Z] liveness uptimeSec=2223.5
[SERVER][diag 2025-09-14T18:10:01.659Z] liveness uptimeSec=2228.5
[SERVER][diag 2025-09-14T18:10:06.662Z] liveness uptimeSec=2233.5
[SERVER][diag 2025-09-14T18:10:11.670Z] liveness uptimeSec=2238.5
[SERVER][diag 2025-09-14T18:10:16.676Z] liveness uptimeSec=2243.5
[SERVER][diag 2025-09-14T18:10:21.677Z] liveness uptimeSec=2248.5
[SERVER][diag 2025-09-14T18:10:26.690Z] liveness uptimeSec=2253.5
[SERVER][diag 2025-09-14T18:10:42.185Z] liveness uptimeSec=5.0
[SERVER][diag 2025-09-14T18:10:47.189Z] liveness uptimeSec=10.0
[SERVER][diag 2025-09-14T18:10:52.199Z] liveness uptimeSec=15.0
[SERVER][diag 2025-09-14T18:10:57.207Z] liveness uptimeSec=20.1
[SERVER][diag 2025-09-14T18:11:02.213Z] liveness uptimeSec=25.1
[SERVER][diag 2025-09-14T18:11:07.220Z] liveness uptimeSec=30.1
[SERVER][diag 2025-09-14T18:11:12.220Z] liveness uptimeSec=35.1
[SERVER][diag 2025-09-14T18:11:17.233Z] liveness uptimeSec=40.1
[SERVER][diag 2025-09-14T18:11:22.236Z] liveness uptimeSec=45.1
[SERVER][diag 2025-09-14T18:11:27.249Z] liveness uptimeSec=50.1
[SERVER][diag 2025-09-14T18:11:32.254Z] liveness uptimeSec=55.1
[SERVER][diag 2025-09-14T18:11:37.259Z] liveness uptimeSec=60.1
[SERVER][diag 2025-09-14T18:11:42.263Z] liveness uptimeSec=65.1
[SERVER][diag 2025-09-14T18:11:47.274Z] liveness uptimeSec=70.1
[SERVER][diag 2025-09-14T18:11:52.276Z] liveness uptimeSec=75.1
[SERVER][diag 2025-09-14T18:11:57.285Z] liveness uptimeSec=80.1
[SERVER][diag 2025-09-14T18:12:02.290Z] liveness uptimeSec=85.1
[SERVER][diag 2025-09-14T18:12:07.300Z] liveness uptimeSec=90.2
[SERVER][diag 2025-09-14T18:12:12.302Z] liveness uptimeSec=95.2
[SERVER][diag 2025-09-14T18:12:17.310Z] liveness uptimeSec=100.2
[SERVER][diag 2025-09-14T18:12:22.323Z] liveness uptimeSec=105.2
[SERVER][diag 2025-09-14T18:12:27.331Z] liveness uptimeSec=110.2
[SERVER][diag 2025-09-14T18:12:32.345Z] liveness uptimeSec=115.2
[SERVER][diag 2025-09-14T18:12:37.357Z] liveness uptimeSec=120.2
[SERVER][diag 2025-09-14T18:12:42.366Z] liveness uptimeSec=125.2
[SERVER][diag 2025-09-14T18:12:47.368Z] liveness uptimeSec=130.2
[SERVER][diag 2025-09-14T18:12:52.378Z] liveness uptimeSec=135.2
[SERVER][diag 2025-09-14T18:12:57.386Z] liveness uptimeSec=140.2
[SERVER][diag 2025-09-14T18:13:02.394Z] liveness uptimeSec=145.2
[SERVER][diag 2025-09-14T18:13:07.399Z] liveness uptimeSec=150.2
[SERVER][diag 2025-09-14T18:13:12.401Z] liveness uptimeSec=155.3
[SERVER][diag 2025-09-14T18:13:17.402Z] liveness uptimeSec=160.3
[SERVER][diag 2025-09-14T18:13:22.409Z] liveness uptimeSec=165.3
[SERVER][diag 2025-09-14T18:13:27.417Z] liveness uptimeSec=170.3
[SERVER][diag 2025-09-14T18:13:32.430Z] liveness uptimeSec=175.3
[SERVER][diag 2025-09-14T18:13:37.434Z] liveness uptimeSec=180.3
[SERVER][diag 2025-09-14T18:13:42.443Z] liveness uptimeSec=185.3
[SERVER][diag 2025-09-14T18:13:47.445Z] liveness uptimeSec=190.3
[SERVER][diag 2025-09-14T18:13:52.447Z] liveness uptimeSec=195.3
[SERVER][diag 2025-09-14T18:13:57.459Z] liveness uptimeSec=200.3
[SERVER][diag 2025-09-14T18:14:02.470Z] liveness uptimeSec=205.3
[SERVER][diag 2025-09-14T18:14:07.474Z] liveness uptimeSec=210.3
[SERVER][diag 2025-09-14T18:14:12.487Z] liveness uptimeSec=215.3
[SERVER][diag 2025-09-14T18:14:17.495Z] liveness uptimeSec=220.3
[SERVER][diag 2025-09-14T18:14:22.500Z] liveness uptimeSec=225.3
[SERVER][diag 2025-09-14T18:14:27.516Z] liveness uptimeSec=230.4
[SERVER][diag 2025-09-14T18:14:32.521Z] liveness uptimeSec=235.4
[SERVER][diag 2025-09-14T18:14:37.528Z] liveness uptimeSec=240.4
[SERVER][diag 2025-09-14T18:14:42.540Z] liveness uptimeSec=245.4
[SERVER][diag 2025-09-14T18:14:47.541Z] liveness uptimeSec=250.4
[SERVER][diag 2025-09-14T18:14:52.542Z] liveness uptimeSec=255.4
[SERVER][diag 2025-09-14T18:14:57.543Z] liveness uptimeSec=260.4
[SERVER][diag 2025-09-14T18:15:02.555Z] liveness uptimeSec=265.4
[SERVER][diag 2025-09-14T18:15:07.567Z] liveness uptimeSec=270.4
[SERVER][diag 2025-09-14T18:15:12.578Z] liveness uptimeSec=275.4
[SERVER][diag 2025-09-14T18:15:17.586Z] liveness uptimeSec=280.4
[SERVER][diag 2025-09-14T18:15:22.588Z] liveness uptimeSec=285.4
[SERVER][diag 2025-09-14T18:15:27.591Z] liveness uptimeSec=290.4
[SERVER][diag 2025-09-14T18:15:32.593Z] liveness uptimeSec=295.4
[SERVER][diag 2025-09-14T18:15:37.603Z] liveness uptimeSec=300.5
[SERVER][diag 2025-09-14T18:15:42.613Z] liveness uptimeSec=305.5
[SERVER][diag 2025-09-14T18:15:47.620Z] liveness uptimeSec=310.5
[SERVER][diag 2025-09-14T18:15:52.626Z] liveness uptimeSec=315.5
[SERVER][diag 2025-09-14T18:15:57.627Z] liveness uptimeSec=320.5
[SERVER][diag 2025-09-14T18:16:02.635Z] liveness uptimeSec=325.5
[SERVER][diag 2025-09-14T18:16:07.648Z] liveness uptimeSec=330.5
[SERVER][diag 2025-09-14T18:16:12.654Z] liveness uptimeSec=335.5
[SERVER][diag 2025-09-14T18:16:17.663Z] liveness uptimeSec=340.5
[SERVER][diag 2025-09-14T18:16:22.669Z] liveness uptimeSec=345.5
[SERVER][diag 2025-09-14T18:16:27.675Z] liveness uptimeSec=350.5
[SERVER][diag 2025-09-14T18:16:32.688Z] liveness uptimeSec=355.5
[SERVER][diag 2025-09-14T18:16:37.689Z] liveness uptimeSec=360.5
[SERVER][diag 2025-09-14T18:16:42.698Z] liveness uptimeSec=365.5
[SERVER][diag 2025-09-14T18:16:47.698Z] liveness uptimeSec=370.5
[SERVER][diag 2025-09-14T18:16:52.710Z] liveness uptimeSec=375.6
[SERVER][diag 2025-09-14T18:16:57.711Z] liveness uptimeSec=380.6
[SERVER][diag 2025-09-14T18:17:02.712Z] liveness uptimeSec=385.6
[SERVER][diag 2025-09-14T18:17:07.716Z] liveness uptimeSec=390.6
[SERVER][diag 2025-09-14T18:17:12.726Z] liveness uptimeSec=395.6
[SERVER][diag 2025-09-14T18:17:17.728Z] liveness uptimeSec=400.6
[SERVER][diag 2025-09-14T18:17:22.739Z] liveness uptimeSec=405.6
[SERVER][diag 2025-09-14T18:17:27.740Z] liveness uptimeSec=410.6
[SERVER][diag 2025-09-14T18:17:32.751Z] liveness uptimeSec=415.6
[SERVER][diag 2025-09-14T18:17:37.754Z] liveness uptimeSec=420.6
[SERVER][diag 2025-09-14T18:17:42.762Z] liveness uptimeSec=425.6
[SERVER][diag 2025-09-14T18:17:47.769Z] liveness uptimeSec=430.6
[SERVER][diag 2025-09-14T18:17:52.771Z] liveness uptimeSec=435.6
[SERVER][diag 2025-09-14T18:17:57.777Z] liveness uptimeSec=440.6
